{"/Users/ckennedy/Projects/foundryvtt-ai-gm/relay/tests/helpers/adminAuth.ts": {"path":"/Users/ckennedy/Projects/foundryvtt-ai-gm/relay/tests/helpers/adminAuth.ts","statementMap":{"0":{"start":{"line":41,"column":0},"end":{"line":41,"column":7}},"1":{"start":{"line":102,"column":0},"end":{"line":102,"column":7}},"2":{"start":{"line":146,"column":0},"end":{"line":146,"column":7}},"3":{"start":{"line":8,"column":0},"end":{"line":8,"column":58}},"4":{"start":{"line":9,"column":0},"end":{"line":9,"column":48}},"5":{"start":{"line":10,"column":0},"end":{"line":10,"column":73}},"6":{"start":{"line":33,"column":42},"end":{"line":33,"column":46}},"7":{"start":{"line":46,"column":2},"end":{"line":48,"column":3}},"8":{"start":{"line":47,"column":4},"end":{"line":47,"column":26}},"9":{"start":{"line":49,"column":2},"end":{"line":51,"column":3}},"10":{"start":{"line":50,"column":4},"end":{"line":50,"column":89}},"11":{"start":{"line":56,"column":28},"end":{"line":56,"column":106}},"12":{"start":{"line":57,"column":2},"end":{"line":65,"column":3}},"13":{"start":{"line":58,"column":25},"end":{"line":58,"column":70}},"14":{"start":{"line":59,"column":4},"end":{"line":64,"column":5}},"15":{"start":{"line":60,"column":6},"end":{"line":63,"column":8}},"16":{"start":{"line":66,"column":19},"end":{"line":69,"column":null}},"17":{"start":{"line":69,"column":28},"end":{"line":69,"column":32}},"18":{"start":{"line":71,"column":2},"end":{"line":76,"column":3}},"19":{"start":{"line":72,"column":4},"end":{"line":74,"column":5}},"20":{"start":{"line":73,"column":6},"end":{"line":73,"column":107}},"21":{"start":{"line":75,"column":4},"end":{"line":75,"column":95}},"22":{"start":{"line":77,"column":20},"end":{"line":77,"column":50}},"23":{"start":{"line":78,"column":2},"end":{"line":80,"column":3}},"24":{"start":{"line":79,"column":4},"end":{"line":79,"column":70}},"25":{"start":{"line":81,"column":22},"end":{"line":83,"column":93}},"26":{"start":{"line":82,"column":24},"end":{"line":82,"column":39}},"27":{"start":{"line":83,"column":25},"end":{"line":83,"column":92}},"28":{"start":{"line":84,"column":2},"end":{"line":86,"column":3}},"29":{"start":{"line":85,"column":4},"end":{"line":85,"column":71}},"30":{"start":{"line":87,"column":20},"end":{"line":87,"column":80}},"31":{"start":{"line":88,"column":2},"end":{"line":90,"column":3}},"32":{"start":{"line":89,"column":4},"end":{"line":89,"column":63}},"33":{"start":{"line":91,"column":18},"end":{"line":91,"column":52}},"34":{"start":{"line":92,"column":2},"end":{"line":94,"column":3}},"35":{"start":{"line":93,"column":4},"end":{"line":93,"column":29}},"36":{"start":{"line":95,"column":2},"end":{"line":95,"column":17}},"37":{"start":{"line":106,"column":12},"end":{"line":106,"column":52}},"38":{"start":{"line":107,"column":2},"end":{"line":113,"column":3}},"39":{"start":{"line":108,"column":19},"end":{"line":108,"column":40}},"40":{"start":{"line":109,"column":4},"end":{"line":111,"column":5}},"41":{"start":{"line":110,"column":6},"end":{"line":110,"column":34}},"42":{"start":{"line":112,"column":4},"end":{"line":112,"column":35}},"43":{"start":{"line":115,"column":42},"end":{"line":118,"column":4}},"44":{"start":{"line":119,"column":2},"end":{"line":121,"column":3}},"45":{"start":{"line":120,"column":4},"end":{"line":120,"column":49}},"46":{"start":{"line":123,"column":42},"end":{"line":131,"column":4}},"47":{"start":{"line":129,"column":26},"end":{"line":129,"column":30}},"48":{"start":{"line":133,"column":19},"end":{"line":133,"column":51}},"49":{"start":{"line":134,"column":2},"end":{"line":139,"column":4}},"50":{"start":{"line":147,"column":2},"end":{"line":149,"column":3}},"51":{"start":{"line":148,"column":4},"end":{"line":148,"column":26}},"52":{"start":{"line":150,"column":2},"end":{"line":161,"column":4}},"53":{"start":{"line":158,"column":28},"end":{"line":158,"column":32}}},"fnMap":{"0":{"name":"adminLogin","decl":{"start":{"line":41,"column":22},"end":{"line":41,"column":32}},"loc":{"start":{"line":44,"column":35},"end":{"line":96,"column":1}}},"1":{"name":"(anonymous_2)","decl":{"start":{"line":69,"column":22},"end":{"line":69,"column":25}},"loc":{"start":{"line":69,"column":28},"end":{"line":69,"column":32}}},"2":{"name":"(anonymous_3)","decl":{"start":{"line":82,"column":9},"end":{"line":82,"column":10}},"loc":{"start":{"line":82,"column":24},"end":{"line":82,"column":39}}},"3":{"name":"(anonymous_4)","decl":{"start":{"line":83,"column":10},"end":{"line":83,"column":11}},"loc":{"start":{"line":83,"column":25},"end":{"line":83,"column":92}}},"4":{"name":"makeAdminRequest","decl":{"start":{"line":102,"column":22},"end":{"line":102,"column":38}},"loc":{"start":{"line":104,"column":23},"end":{"line":140,"column":1}}},"5":{"name":"(anonymous_6)","decl":{"start":{"line":129,"column":20},"end":{"line":129,"column":23}},"loc":{"start":{"line":129,"column":26},"end":{"line":129,"column":30}}},"6":{"name":"adminLogout","decl":{"start":{"line":146,"column":22},"end":{"line":146,"column":33}},"loc":{"start":{"line":146,"column":55},"end":{"line":162,"column":1}}},"7":{"name":"(anonymous_8)","decl":{"start":{"line":158,"column":22},"end":{"line":158,"column":25}},"loc":{"start":{"line":158,"column":28},"end":{"line":158,"column":32}}}},"branchMap":{"0":{"loc":{"start":{"line":42,"column":2},"end":{"line":42,"column":42}},"type":"default-arg","locations":[{"start":{"line":42,"column":18},"end":{"line":42,"column":42}}]},"1":{"loc":{"start":{"line":43,"column":2},"end":{"line":43,"column":48}},"type":"default-arg","locations":[{"start":{"line":43,"column":21},"end":{"line":43,"column":48}}]},"2":{"loc":{"start":{"line":44,"column":2},"end":{"line":44,"column":35}},"type":"default-arg","locations":[{"start":{"line":44,"column":33},"end":{"line":44,"column":35}}]},"3":{"loc":{"start":{"line":46,"column":2},"end":{"line":48,"column":3}},"type":"if","locations":[{"start":{"line":46,"column":2},"end":{"line":48,"column":3}}]},"4":{"loc":{"start":{"line":46,"column":6},"end":{"line":46,"column":38}},"type":"binary-expr","locations":[{"start":{"line":46,"column":6},"end":{"line":46,"column":20}},{"start":{"line":46,"column":24},"end":{"line":46,"column":38}}]},"5":{"loc":{"start":{"line":49,"column":2},"end":{"line":51,"column":3}},"type":"if","locations":[{"start":{"line":49,"column":2},"end":{"line":51,"column":3}}]},"6":{"loc":{"start":{"line":49,"column":6},"end":{"line":49,"column":25}},"type":"binary-expr","locations":[{"start":{"line":49,"column":6},"end":{"line":49,"column":12}},{"start":{"line":49,"column":16},"end":{"line":49,"column":25}}]},"7":{"loc":{"start":{"line":56,"column":28},"end":{"line":56,"column":106}},"type":"binary-expr","locations":[{"start":{"line":56,"column":28},"end":{"line":56,"column":62}},{"start":{"line":56,"column":66},"end":{"line":56,"column":106}}]},"8":{"loc":{"start":{"line":57,"column":2},"end":{"line":65,"column":3}},"type":"if","locations":[{"start":{"line":57,"column":2},"end":{"line":65,"column":3}}]},"9":{"loc":{"start":{"line":59,"column":4},"end":{"line":64,"column":5}},"type":"if","locations":[{"start":{"line":59,"column":4},"end":{"line":64,"column":5}}]},"10":{"loc":{"start":{"line":71,"column":2},"end":{"line":76,"column":3}},"type":"if","locations":[{"start":{"line":71,"column":2},"end":{"line":76,"column":3}}]},"11":{"loc":{"start":{"line":72,"column":4},"end":{"line":74,"column":5}},"type":"if","locations":[{"start":{"line":72,"column":4},"end":{"line":74,"column":5}}]},"12":{"loc":{"start":{"line":78,"column":2},"end":{"line":80,"column":3}},"type":"if","locations":[{"start":{"line":78,"column":2},"end":{"line":80,"column":3}}]},"13":{"loc":{"start":{"line":78,"column":6},"end":{"line":78,"column":71}},"type":"binary-expr","locations":[{"start":{"line":78,"column":6},"end":{"line":78,"column":16}},{"start":{"line":78,"column":20},"end":{"line":78,"column":45}},{"start":{"line":78,"column":49},"end":{"line":78,"column":71}}]},"14":{"loc":{"start":{"line":83,"column":25},"end":{"line":83,"column":92}},"type":"binary-expr","locations":[{"start":{"line":83,"column":25},"end":{"line":83,"column":53}},{"start":{"line":83,"column":57},"end":{"line":83,"column":92}}]},"15":{"loc":{"start":{"line":84,"column":2},"end":{"line":86,"column":3}},"type":"if","locations":[{"start":{"line":84,"column":2},"end":{"line":86,"column":3}}]},"16":{"loc":{"start":{"line":87,"column":20},"end":{"line":87,"column":80}},"type":"binary-expr","locations":[{"start":{"line":87,"column":20},"end":{"line":87,"column":52}},{"start":{"line":87,"column":56},"end":{"line":87,"column":80}}]},"17":{"loc":{"start":{"line":88,"column":2},"end":{"line":90,"column":3}},"type":"if","locations":[{"start":{"line":88,"column":2},"end":{"line":90,"column":3}}]},"18":{"loc":{"start":{"line":92,"column":2},"end":{"line":94,"column":3}},"type":"if","locations":[{"start":{"line":92,"column":2},"end":{"line":94,"column":3}}]},"19":{"loc":{"start":{"line":107,"column":2},"end":{"line":113,"column":3}},"type":"if","locations":[{"start":{"line":107,"column":2},"end":{"line":113,"column":3}}]},"20":{"loc":{"start":{"line":119,"column":2},"end":{"line":121,"column":3}},"type":"if","locations":[{"start":{"line":119,"column":2},"end":{"line":121,"column":3}}]},"21":{"loc":{"start":{"line":147,"column":2},"end":{"line":149,"column":3}},"type":"if","locations":[{"start":{"line":147,"column":2},"end":{"line":149,"column":3}}]}},"s":{"0":11,"1":11,"2":11,"3":11,"4":11,"5":11,"6":11,"7":0,"8":0,"9":0,"10":0,"11":0,"12":0,"13":0,"14":0,"15":0,"16":0,"17":0,"18":0,"19":0,"20":0,"21":0,"22":0,"23":0,"24":0,"25":0,"26":0,"27":0,"28":0,"29":0,"30":0,"31":0,"32":0,"33":0,"34":0,"35":0,"36":0,"37":0,"38":0,"39":0,"40":0,"41":0,"42":0,"43":0,"44":0,"45":0,"46":0,"47":0,"48":0,"49":0,"50":0,"51":0,"52":0,"53":0},"f":{"0":0,"1":0,"2":0,"3":0,"4":0,"5":0,"6":0,"7":0},"b":{"0":[0],"1":[0],"2":[0],"3":[0],"4":[0,0],"5":[0],"6":[0,0],"7":[0,0],"8":[0],"9":[0],"10":[0],"11":[0],"12":[0],"13":[0,0,0],"14":[0,0],"15":[0],"16":[0,0],"17":[0],"18":[0],"19":[0],"20":[0],"21":[0]}}
,"/Users/ckennedy/Projects/foundryvtt-ai-gm/relay/tests/helpers/apiRequest.ts": {"path":"/Users/ckennedy/Projects/foundryvtt-ai-gm/relay/tests/helpers/apiRequest.ts","statementMap":{"0":{"start":{"line":45,"column":0},"end":{"line":45,"column":7}},"1":{"start":{"line":126,"column":0},"end":{"line":126,"column":16}},"2":{"start":{"line":7,"column":0},"end":{"line":7,"column":58}},"3":{"start":{"line":47,"column":16},"end":{"line":47,"column":30}},"4":{"start":{"line":50,"column":2},"end":{"line":73,"column":3}},"5":{"start":{"line":51,"column":4},"end":{"line":72,"column":5}},"6":{"start":{"line":52,"column":18},"end":{"line":52,"column":34}},"7":{"start":{"line":53,"column":27},"end":{"line":53,"column":68}},"8":{"start":{"line":53,"column":56},"end":{"line":53,"column":67}},"9":{"start":{"line":56,"column":6},"end":{"line":61,"column":7}},"10":{"start":{"line":57,"column":8},"end":{"line":59,"column":11}},"11":{"start":{"line":58,"column":10},"end":{"line":58,"column":50}},"12":{"start":{"line":60,"column":8},"end":{"line":60,"column":33}},"13":{"start":{"line":64,"column":27},"end":{"line":64,"column":68}},"14":{"start":{"line":64,"column":56},"end":{"line":64,"column":67}},"15":{"start":{"line":65,"column":6},"end":{"line":71,"column":7}},"16":{"start":{"line":66,"column":26},"end":{"line":66,"column":59}},"17":{"start":{"line":67,"column":28},"end":{"line":69,"column":20}},"18":{"start":{"line":68,"column":20},"end":{"line":68,"column":81}},"19":{"start":{"line":70,"column":8},"end":{"line":70,"column":57}},"20":{"start":{"line":76,"column":42},"end":{"line":76,"column":44}},"21":{"start":{"line":77,"column":2},"end":{"line":81,"column":3}},"22":{"start":{"line":78,"column":4},"end":{"line":80,"column":7}},"23":{"start":{"line":79,"column":6},"end":{"line":79,"column":31}},"24":{"start":{"line":84,"column":18},"end":{"line":84,"column":27}},"25":{"start":{"line":85,"column":2},"end":{"line":93,"column":3}},"26":{"start":{"line":86,"column":4},"end":{"line":90,"column":5}},"27":{"start":{"line":87,"column":6},"end":{"line":87,"column":41}},"28":{"start":{"line":89,"column":6},"end":{"line":89,"column":29}},"29":{"start":{"line":91,"column":9},"end":{"line":93,"column":3}},"30":{"start":{"line":92,"column":4},"end":{"line":92,"column":23}},"31":{"start":{"line":96,"column":42},"end":{"line":103,"column":4}},"32":{"start":{"line":102,"column":26},"end":{"line":102,"column":30}},"33":{"start":{"line":105,"column":19},"end":{"line":105,"column":51}},"34":{"start":{"line":107,"column":2},"end":{"line":113,"column":4}},"35":{"start":{"line":120,"column":2},"end":{"line":120,"column":52}},"36":{"start":{"line":130,"column":20},"end":{"line":130,"column":42}},"37":{"start":{"line":131,"column":17},"end":{"line":131,"column":26}},"38":{"start":{"line":133,"column":2},"end":{"line":136,"column":3}},"39":{"start":{"line":134,"column":23},"end":{"line":134,"column":39}},"40":{"start":{"line":135,"column":4},"end":{"line":135,"column":77}},"41":{"start":{"line":138,"column":2},"end":{"line":138,"column":30}}},"fnMap":{"0":{"name":"makeRequest","decl":{"start":{"line":45,"column":22},"end":{"line":45,"column":33}},"loc":{"start":{"line":45,"column":58},"end":{"line":114,"column":1}}},"1":{"name":"(anonymous_2)","decl":{"start":{"line":53,"column":51},"end":{"line":53,"column":52}},"loc":{"start":{"line":53,"column":56},"end":{"line":53,"column":67}}},"2":{"name":"(anonymous_3)","decl":{"start":{"line":57,"column":29},"end":{"line":57,"column":30}},"loc":{"start":{"line":57,"column":33},"end":{"line":59,"column":9}}},"3":{"name":"(anonymous_4)","decl":{"start":{"line":64,"column":51},"end":{"line":64,"column":52}},"loc":{"start":{"line":64,"column":56},"end":{"line":64,"column":67}}},"4":{"name":"(anonymous_5)","decl":{"start":{"line":68,"column":15},"end":{"line":68,"column":16}},"loc":{"start":{"line":68,"column":20},"end":{"line":68,"column":81}}},"5":{"name":"(anonymous_6)","decl":{"start":{"line":78,"column":26},"end":{"line":78,"column":27}},"loc":{"start":{"line":78,"column":30},"end":{"line":80,"column":5}}},"6":{"name":"(anonymous_7)","decl":{"start":{"line":102,"column":20},"end":{"line":102,"column":23}},"loc":{"start":{"line":102,"column":26},"end":{"line":102,"column":30}}},"7":{"name":"escapeRegex","decl":{"start":{"line":119,"column":9},"end":{"line":119,"column":20}},"loc":{"start":{"line":119,"column":32},"end":{"line":121,"column":1}}},"8":{"name":"replaceVariables","decl":{"start":{"line":126,"column":16},"end":{"line":126,"column":32}},"loc":{"start":{"line":128,"column":35},"end":{"line":139,"column":1}}}},"branchMap":{"0":{"loc":{"start":{"line":50,"column":2},"end":{"line":73,"column":3}},"type":"if","locations":[{"start":{"line":50,"column":2},"end":{"line":73,"column":3}}]},"1":{"loc":{"start":{"line":50,"column":6},"end":{"line":50,"column":53}},"type":"binary-expr","locations":[{"start":{"line":50,"column":6},"end":{"line":50,"column":22}},{"start":{"line":50,"column":26},"end":{"line":50,"column":53}}]},"2":{"loc":{"start":{"line":56,"column":6},"end":{"line":61,"column":7}},"type":"if","locations":[{"start":{"line":56,"column":6},"end":{"line":61,"column":7}}]},"3":{"loc":{"start":{"line":65,"column":6},"end":{"line":71,"column":7}},"type":"if","locations":[{"start":{"line":65,"column":6},"end":{"line":71,"column":7}}]},"4":{"loc":{"start":{"line":66,"column":26},"end":{"line":66,"column":59}},"type":"cond-expr","locations":[{"start":{"line":66,"column":50},"end":{"line":66,"column":53}},{"start":{"line":66,"column":56},"end":{"line":66,"column":59}}]},"5":{"loc":{"start":{"line":77,"column":2},"end":{"line":81,"column":3}},"type":"if","locations":[{"start":{"line":77,"column":2},"end":{"line":81,"column":3}}]},"6":{"loc":{"start":{"line":85,"column":2},"end":{"line":93,"column":3}},"type":"if","locations":[{"start":{"line":85,"column":2},"end":{"line":93,"column":3}},{"start":{"line":91,"column":9},"end":{"line":93,"column":3}}]},"7":{"loc":{"start":{"line":85,"column":6},"end":{"line":85,"column":52}},"type":"binary-expr","locations":[{"start":{"line":85,"column":6},"end":{"line":85,"column":33}},{"start":{"line":85,"column":37},"end":{"line":85,"column":52}}]},"8":{"loc":{"start":{"line":91,"column":9},"end":{"line":93,"column":3}},"type":"if","locations":[{"start":{"line":91,"column":9},"end":{"line":93,"column":3}}]}},"s":{"0":36,"1":36,"2":36,"3":992,"4":992,"5":727,"6":727,"7":727,"8":1033,"9":727,"10":727,"11":1033,"12":727,"13":0,"14":0,"15":0,"16":0,"17":0,"18":0,"19":0,"20":992,"21":992,"22":974,"23":1007,"24":992,"25":992,"26":619,"27":619,"28":0,"29":373,"30":0,"31":992,"32":992,"33":992,"34":992,"35":13350,"36":947,"37":947,"38":947,"39":13350,"40":13350,"41":947},"f":{"0":992,"1":1033,"2":1033,"3":0,"4":0,"5":1007,"6":992,"7":13350,"8":947},"b":{"0":[727],"1":[992,843],"2":[727],"3":[0],"4":[0,0],"5":[974],"6":[619,373],"7":[992,619],"8":[0]}}
,"/Users/ckennedy/Projects/foundryvtt-ai-gm/relay/tests/helpers/captureExample.ts": {"path":"/Users/ckennedy/Projects/foundryvtt-ai-gm/relay/tests/helpers/captureExample.ts","statementMap":{"0":{"start":{"line":41,"column":0},"end":{"line":41,"column":7}},"1":{"start":{"line":443,"column":0},"end":{"line":443,"column":16}},"2":{"start":{"line":456,"column":0},"end":{"line":456,"column":16}},"3":{"start":{"line":465,"column":0},"end":{"line":465,"column":16}},"4":{"start":{"line":6,"column":0},"end":{"line":6,"column":79}},"5":{"start":{"line":7,"column":0},"end":{"line":7,"column":25}},"6":{"start":{"line":8,"column":0},"end":{"line":8,"column":29}},"7":{"start":{"line":47,"column":25},"end":{"line":47,"column":60}},"8":{"start":{"line":48,"column":19},"end":{"line":48,"column":52}},"9":{"start":{"line":51,"column":18},"end":{"line":65,"column":4}},"10":{"start":{"line":55,"column":6},"end":{"line":55,"column":27}},"11":{"start":{"line":56,"column":6},"end":{"line":56,"column":17}},"12":{"start":{"line":59,"column":6},"end":{"line":63,"column":7}},"13":{"start":{"line":60,"column":8},"end":{"line":60,"column":51}},"14":{"start":{"line":62,"column":8},"end":{"line":62,"column":39}},"15":{"start":{"line":68,"column":23},"end":{"line":74,"column":4}},"16":{"start":{"line":76,"column":19},"end":{"line":76,"column":69}},"17":{"start":{"line":78,"column":2},"end":{"line":88,"column":4}},"18":{"start":{"line":92,"column":2},"end":{"line":95,"column":3}},"19":{"start":{"line":93,"column":18},"end":{"line":93,"column":43}},"20":{"start":{"line":94,"column":4},"end":{"line":94,"column":39}},"21":{"start":{"line":96,"column":2},"end":{"line":98,"column":3}},"22":{"start":{"line":97,"column":4},"end":{"line":97,"column":36}},"23":{"start":{"line":99,"column":2},"end":{"line":99,"column":12}},"24":{"start":{"line":103,"column":17},"end":{"line":103,"column":44}},"25":{"start":{"line":106,"column":19},"end":{"line":106,"column":68}},"26":{"start":{"line":107,"column":18},"end":{"line":107,"column":57}},"27":{"start":{"line":108,"column":15},"end":{"line":108,"column":56}},"28":{"start":{"line":111,"column":16},"end":{"line":111,"column":72}},"29":{"start":{"line":114,"column":2},"end":{"line":122,"column":3}},"30":{"start":{"line":115,"column":28},"end":{"line":118,"column":18}},"31":{"start":{"line":116,"column":26},"end":{"line":116,"column":37}},"32":{"start":{"line":117,"column":23},"end":{"line":117,"column":49}},"33":{"start":{"line":119,"column":4},"end":{"line":119,"column":175}},"34":{"start":{"line":121,"column":4},"end":{"line":121,"column":56}},"35":{"start":{"line":125,"column":28},"end":{"line":125,"column":30}},"36":{"start":{"line":126,"column":2},"end":{"line":128,"column":3}},"37":{"start":{"line":127,"column":4},"end":{"line":127,"column":83}},"38":{"start":{"line":127,"column":50},"end":{"line":127,"column":80}},"39":{"start":{"line":130,"column":16},"end":{"line":130,"column":18}},"40":{"start":{"line":131,"column":2},"end":{"line":144,"column":3}},"41":{"start":{"line":133,"column":27},"end":{"line":133,"column":98}},"42":{"start":{"line":133,"column":59},"end":{"line":133,"column":97}},"43":{"start":{"line":134,"column":4},"end":{"line":136,"column":5}},"44":{"start":{"line":135,"column":6},"end":{"line":135,"column":61}},"45":{"start":{"line":138,"column":4},"end":{"line":143,"column":5}},"46":{"start":{"line":139,"column":21},"end":{"line":139,"column":48}},"47":{"start":{"line":140,"column":6},"end":{"line":140,"column":105}},"48":{"start":{"line":142,"column":6},"end":{"line":142,"column":64}},"49":{"start":{"line":146,"column":21},"end":{"line":146,"column":93}},"50":{"start":{"line":148,"column":2},"end":{"line":148,"column":183}},"51":{"start":{"line":152,"column":12},"end":{"line":152,"column":26}},"52":{"start":{"line":155,"column":2},"end":{"line":161,"column":3}},"53":{"start":{"line":156,"column":24},"end":{"line":159,"column":16}},"54":{"start":{"line":157,"column":26},"end":{"line":157,"column":37}},"55":{"start":{"line":158,"column":23},"end":{"line":158,"column":64}},"56":{"start":{"line":160,"column":4},"end":{"line":160,"column":34}},"57":{"start":{"line":163,"column":17},"end":{"line":163,"column":30}},"58":{"start":{"line":165,"column":12},"end":{"line":165,"column":40}},"59":{"start":{"line":167,"column":2},"end":{"line":171,"column":3}},"60":{"start":{"line":168,"column":4},"end":{"line":170,"column":5}},"61":{"start":{"line":169,"column":6},"end":{"line":169,"column":58}},"62":{"start":{"line":173,"column":2},"end":{"line":186,"column":3}},"63":{"start":{"line":175,"column":27},"end":{"line":175,"column":98}},"64":{"start":{"line":175,"column":59},"end":{"line":175,"column":97}},"65":{"start":{"line":176,"column":4},"end":{"line":178,"column":5}},"66":{"start":{"line":177,"column":6},"end":{"line":177,"column":58}},"67":{"start":{"line":180,"column":4},"end":{"line":185,"column":5}},"68":{"start":{"line":181,"column":21},"end":{"line":181,"column":48}},"69":{"start":{"line":182,"column":6},"end":{"line":182,"column":53}},"70":{"start":{"line":184,"column":6},"end":{"line":184,"column":46}},"71":{"start":{"line":188,"column":2},"end":{"line":188,"column":13}},"72":{"start":{"line":192,"column":17},"end":{"line":192,"column":44}},"73":{"start":{"line":195,"column":19},"end":{"line":195,"column":68}},"74":{"start":{"line":196,"column":18},"end":{"line":196,"column":57}},"75":{"start":{"line":197,"column":15},"end":{"line":197,"column":56}},"76":{"start":{"line":200,"column":16},"end":{"line":200,"column":59}},"77":{"start":{"line":203,"column":18},"end":{"line":203,"column":20}},"78":{"start":{"line":204,"column":2},"end":{"line":211,"column":3}},"79":{"start":{"line":205,"column":28},"end":{"line":208,"column":18}},"80":{"start":{"line":206,"column":26},"end":{"line":206,"column":37}},"81":{"start":{"line":207,"column":23},"end":{"line":207,"column":53}},"82":{"start":{"line":209,"column":4},"end":{"line":209,"column":53}},"83":{"start":{"line":210,"column":4},"end":{"line":210,"column":39}},"84":{"start":{"line":213,"column":2},"end":{"line":213,"column":43}},"85":{"start":{"line":215,"column":19},"end":{"line":215,"column":21}},"86":{"start":{"line":216,"column":2},"end":{"line":221,"column":3}},"87":{"start":{"line":217,"column":20},"end":{"line":219,"column":18}},"88":{"start":{"line":218,"column":23},"end":{"line":218,"column":57}},"89":{"start":{"line":220,"column":4},"end":{"line":220,"column":55}},"90":{"start":{"line":223,"column":16},"end":{"line":223,"column":18}},"91":{"start":{"line":224,"column":2},"end":{"line":241,"column":3}},"92":{"start":{"line":225,"column":4},"end":{"line":240,"column":5}},"93":{"start":{"line":226,"column":21},"end":{"line":226,"column":48}},"94":{"start":{"line":228,"column":25},"end":{"line":231,"column":37}},"95":{"start":{"line":233,"column":27},"end":{"line":236,"column":19}},"96":{"start":{"line":234,"column":8},"end":{"line":234,"column":33}},"97":{"start":{"line":234,"column":21},"end":{"line":234,"column":33}},"98":{"start":{"line":235,"column":8},"end":{"line":235,"column":29}},"99":{"start":{"line":237,"column":6},"end":{"line":237,"column":46}},"100":{"start":{"line":239,"column":6},"end":{"line":239,"column":51}},"101":{"start":{"line":243,"column":2},"end":{"line":243,"column":null}},"102":{"start":{"line":247,"column":17},"end":{"line":247,"column":44}},"103":{"start":{"line":250,"column":19},"end":{"line":250,"column":68}},"104":{"start":{"line":251,"column":18},"end":{"line":251,"column":57}},"105":{"start":{"line":252,"column":15},"end":{"line":252,"column":56}},"106":{"start":{"line":255,"column":16},"end":{"line":255,"column":72}},"107":{"start":{"line":258,"column":18},"end":{"line":258,"column":20}},"108":{"start":{"line":259,"column":2},"end":{"line":267,"column":3}},"109":{"start":{"line":260,"column":28},"end":{"line":263,"column":18}},"110":{"start":{"line":261,"column":26},"end":{"line":261,"column":37}},"111":{"start":{"line":262,"column":23},"end":{"line":262,"column":49}},"112":{"start":{"line":264,"column":4},"end":{"line":264,"column":175}},"113":{"start":{"line":266,"column":4},"end":{"line":266,"column":56}},"114":{"start":{"line":270,"column":28},"end":{"line":270,"column":30}},"115":{"start":{"line":271,"column":2},"end":{"line":273,"column":3}},"116":{"start":{"line":272,"column":4},"end":{"line":272,"column":83}},"117":{"start":{"line":272,"column":50},"end":{"line":272,"column":80}},"118":{"start":{"line":275,"column":16},"end":{"line":275,"column":18}},"119":{"start":{"line":276,"column":2},"end":{"line":289,"column":3}},"120":{"start":{"line":278,"column":27},"end":{"line":278,"column":98}},"121":{"start":{"line":278,"column":59},"end":{"line":278,"column":97}},"122":{"start":{"line":279,"column":4},"end":{"line":281,"column":5}},"123":{"start":{"line":280,"column":6},"end":{"line":280,"column":61}},"124":{"start":{"line":283,"column":4},"end":{"line":288,"column":5}},"125":{"start":{"line":284,"column":21},"end":{"line":284,"column":48}},"126":{"start":{"line":285,"column":6},"end":{"line":285,"column":89}},"127":{"start":{"line":287,"column":6},"end":{"line":287,"column":64}},"128":{"start":{"line":291,"column":21},"end":{"line":291,"column":101}},"129":{"start":{"line":293,"column":2},"end":{"line":304,"column":7}},"130":{"start":{"line":314,"column":17},"end":{"line":314,"column":44}},"131":{"start":{"line":317,"column":19},"end":{"line":317,"column":80}},"132":{"start":{"line":318,"column":15},"end":{"line":318,"column":51}},"133":{"start":{"line":319,"column":15},"end":{"line":319,"column":59}},"134":{"start":{"line":320,"column":19},"end":{"line":320,"column":61}},"135":{"start":{"line":323,"column":24},"end":{"line":323,"column":26}},"136":{"start":{"line":324,"column":25},"end":{"line":324,"column":27}},"137":{"start":{"line":325,"column":22},"end":{"line":325,"column":77}},"138":{"start":{"line":325,"column":59},"end":{"line":325,"column":70}},"139":{"start":{"line":327,"column":2},"end":{"line":339,"column":3}},"140":{"start":{"line":329,"column":4},"end":{"line":329,"column":50}},"141":{"start":{"line":330,"column":33},"end":{"line":330,"column":35}},"142":{"start":{"line":331,"column":4},"end":{"line":335,"column":5}},"143":{"start":{"line":332,"column":22},"end":{"line":332,"column":57}},"144":{"start":{"line":333,"column":6},"end":{"line":333,"column":69}},"145":{"start":{"line":334,"column":6},"end":{"line":334,"column":40}},"146":{"start":{"line":337,"column":4},"end":{"line":337,"column":73}},"147":{"start":{"line":338,"column":4},"end":{"line":338,"column":41}},"148":{"start":{"line":342,"column":32},"end":{"line":342,"column":34}},"149":{"start":{"line":343,"column":2},"end":{"line":347,"column":3}},"150":{"start":{"line":344,"column":4},"end":{"line":346,"column":5}},"151":{"start":{"line":345,"column":6},"end":{"line":345,"column":47}},"152":{"start":{"line":350,"column":13},"end":{"line":350,"column":15}},"153":{"start":{"line":351,"column":17},"end":{"line":351,"column":19}},"154":{"start":{"line":352,"column":2},"end":{"line":368,"column":3}},"155":{"start":{"line":353,"column":4},"end":{"line":358,"column":5}},"156":{"start":{"line":354,"column":21},"end":{"line":354,"column":48}},"157":{"start":{"line":355,"column":6},"end":{"line":355,"column":36}},"158":{"start":{"line":357,"column":6},"end":{"line":357,"column":29}},"159":{"start":{"line":361,"column":27},"end":{"line":361,"column":98}},"160":{"start":{"line":361,"column":59},"end":{"line":361,"column":97}},"161":{"start":{"line":362,"column":4},"end":{"line":364,"column":5}},"162":{"start":{"line":363,"column":6},"end":{"line":363,"column":57}},"163":{"start":{"line":365,"column":4},"end":{"line":365,"column":75}},"164":{"start":{"line":367,"column":4},"end":{"line":367,"column":62}},"165":{"start":{"line":371,"column":15},"end":{"line":371,"column":21}},"166":{"start":{"line":372,"column":19},"end":{"line":372,"column":21}},"167":{"start":{"line":373,"column":2},"end":{"line":375,"column":3}},"168":{"start":{"line":374,"column":4},"end":{"line":374,"column":37}},"169":{"start":{"line":379,"column":2},"end":{"line":383,"column":3}},"170":{"start":{"line":380,"column":4},"end":{"line":380,"column":196}},"171":{"start":{"line":382,"column":4},"end":{"line":382,"column":163}},"172":{"start":{"line":385,"column":2},"end":{"line":409,"column":4}},"173":{"start":{"line":416,"column":15},"end":{"line":416,"column":49}},"174":{"start":{"line":418,"column":2},"end":{"line":427,"column":3}},"175":{"start":{"line":419,"column":16},"end":{"line":419,"column":55}},"176":{"start":{"line":422,"column":4},"end":{"line":426,"column":5}},"177":{"start":{"line":423,"column":6},"end":{"line":425,"column":7}},"178":{"start":{"line":424,"column":8},"end":{"line":424,"column":31}},"179":{"start":{"line":430,"column":2},"end":{"line":435,"column":3}},"180":{"start":{"line":431,"column":16},"end":{"line":431,"column":55}},"181":{"start":{"line":432,"column":4},"end":{"line":434,"column":5}},"182":{"start":{"line":433,"column":6},"end":{"line":433,"column":29}},"183":{"start":{"line":437,"column":2},"end":{"line":437,"column":35}},"184":{"start":{"line":444,"column":14},"end":{"line":444,"column":38}},"185":{"start":{"line":445,"column":2},"end":{"line":447,"column":3}},"186":{"start":{"line":446,"column":4},"end":{"line":446,"column":43}},"187":{"start":{"line":448,"column":23},"end":{"line":448,"column":52}},"188":{"start":{"line":449,"column":2},"end":{"line":449,"column":70}},"189":{"start":{"line":457,"column":19},"end":{"line":457,"column":43}},"190":{"start":{"line":458,"column":19},"end":{"line":458,"column":45}},"191":{"start":{"line":459,"column":2},"end":{"line":459,"column":37}},"192":{"start":{"line":466,"column":2},"end":{"line":468,"column":3}},"193":{"start":{"line":467,"column":4},"end":{"line":467,"column":14}},"194":{"start":{"line":469,"column":2},"end":{"line":475,"column":3}},"195":{"start":{"line":470,"column":20},"end":{"line":470,"column":54}},"196":{"start":{"line":471,"column":4},"end":{"line":471,"column":31}},"197":{"start":{"line":473,"column":4},"end":{"line":473,"column":71}},"198":{"start":{"line":474,"column":4},"end":{"line":474,"column":14}}},"fnMap":{"0":{"name":"captureExample","decl":{"start":{"line":41,"column":22},"end":{"line":41,"column":36}},"loc":{"start":{"line":45,"column":26},"end":{"line":89,"column":1}}},"1":{"name":"(anonymous_10)","decl":{"start":{"line":54,"column":43},"end":{"line":54,"column":44}},"loc":{"start":{"line":54,"column":54},"end":{"line":57,"column":5}}},"2":{"name":"(anonymous_11)","decl":{"start":{"line":58,"column":38},"end":{"line":58,"column":41}},"loc":{"start":{"line":58,"column":43},"end":{"line":64,"column":5}}},"3":{"name":"extractEndpoint","decl":{"start":{"line":91,"column":9},"end":{"line":91,"column":24}},"loc":{"start":{"line":91,"column":38},"end":{"line":100,"column":1}}},"4":{"name":"generateJavaScript","decl":{"start":{"line":102,"column":9},"end":{"line":102,"column":27}},"loc":{"start":{"line":102,"column":39},"end":{"line":149,"column":1}}},"5":{"name":"(anonymous_14)","decl":{"start":{"line":116,"column":14},"end":{"line":116,"column":15}},"loc":{"start":{"line":116,"column":26},"end":{"line":116,"column":37}}},"6":{"name":"(anonymous_15)","decl":{"start":{"line":117,"column":11},"end":{"line":117,"column":12}},"loc":{"start":{"line":117,"column":23},"end":{"line":117,"column":49}}},"7":{"name":"(anonymous_16)","decl":{"start":{"line":127,"column":38},"end":{"line":127,"column":39}},"loc":{"start":{"line":127,"column":50},"end":{"line":127,"column":80}}},"8":{"name":"(anonymous_17)","decl":{"start":{"line":133,"column":47},"end":{"line":133,"column":48}},"loc":{"start":{"line":133,"column":59},"end":{"line":133,"column":97}}},"9":{"name":"generateCurl","decl":{"start":{"line":151,"column":9},"end":{"line":151,"column":21}},"loc":{"start":{"line":151,"column":33},"end":{"line":189,"column":1}}},"10":{"name":"(anonymous_19)","decl":{"start":{"line":157,"column":14},"end":{"line":157,"column":15}},"loc":{"start":{"line":157,"column":26},"end":{"line":157,"column":37}}},"11":{"name":"(anonymous_20)","decl":{"start":{"line":158,"column":11},"end":{"line":158,"column":12}},"loc":{"start":{"line":158,"column":23},"end":{"line":158,"column":64}}},"12":{"name":"(anonymous_21)","decl":{"start":{"line":175,"column":47},"end":{"line":175,"column":48}},"loc":{"start":{"line":175,"column":59},"end":{"line":175,"column":97}}},"13":{"name":"generatePython","decl":{"start":{"line":191,"column":9},"end":{"line":191,"column":23}},"loc":{"start":{"line":191,"column":35},"end":{"line":244,"column":1}}},"14":{"name":"(anonymous_23)","decl":{"start":{"line":206,"column":14},"end":{"line":206,"column":15}},"loc":{"start":{"line":206,"column":26},"end":{"line":206,"column":37}}},"15":{"name":"(anonymous_24)","decl":{"start":{"line":207,"column":11},"end":{"line":207,"column":12}},"loc":{"start":{"line":207,"column":23},"end":{"line":207,"column":53}}},"16":{"name":"(anonymous_25)","decl":{"start":{"line":218,"column":11},"end":{"line":218,"column":12}},"loc":{"start":{"line":218,"column":23},"end":{"line":218,"column":57}}},"17":{"name":"(anonymous_26)","decl":{"start":{"line":233,"column":54},"end":{"line":233,"column":55}},"loc":{"start":{"line":233,"column":66},"end":{"line":236,"column":7}}},"18":{"name":"generateTypeScript","decl":{"start":{"line":246,"column":9},"end":{"line":246,"column":27}},"loc":{"start":{"line":246,"column":39},"end":{"line":305,"column":1}}},"19":{"name":"(anonymous_28)","decl":{"start":{"line":261,"column":14},"end":{"line":261,"column":15}},"loc":{"start":{"line":261,"column":26},"end":{"line":261,"column":37}}},"20":{"name":"(anonymous_29)","decl":{"start":{"line":262,"column":11},"end":{"line":262,"column":12}},"loc":{"start":{"line":262,"column":23},"end":{"line":262,"column":49}}},"21":{"name":"(anonymous_30)","decl":{"start":{"line":272,"column":38},"end":{"line":272,"column":39}},"loc":{"start":{"line":272,"column":50},"end":{"line":272,"column":80}}},"22":{"name":"(anonymous_31)","decl":{"start":{"line":278,"column":47},"end":{"line":278,"column":48}},"loc":{"start":{"line":278,"column":59},"end":{"line":278,"column":97}}},"23":{"name":"generateEmojicode","decl":{"start":{"line":313,"column":9},"end":{"line":313,"column":26}},"loc":{"start":{"line":313,"column":38},"end":{"line":410,"column":1}}},"24":{"name":"(anonymous_33)","decl":{"start":{"line":325,"column":47},"end":{"line":325,"column":48}},"loc":{"start":{"line":325,"column":59},"end":{"line":325,"column":70}}},"25":{"name":"(anonymous_34)","decl":{"start":{"line":361,"column":47},"end":{"line":361,"column":48}},"loc":{"start":{"line":361,"column":59},"end":{"line":361,"column":97}}},"26":{"name":"deduplicateExamples","decl":{"start":{"line":415,"column":9},"end":{"line":415,"column":28}},"loc":{"start":{"line":415,"column":56},"end":{"line":438,"column":1}}},"27":{"name":"saveExamples","decl":{"start":{"line":443,"column":16},"end":{"line":443,"column":28}},"loc":{"start":{"line":443,"column":76},"end":{"line":450,"column":1}}},"28":{"name":"appendExamples","decl":{"start":{"line":456,"column":16},"end":{"line":456,"column":30}},"loc":{"start":{"line":456,"column":78},"end":{"line":460,"column":1}}},"29":{"name":"loadExamples","decl":{"start":{"line":465,"column":16},"end":{"line":465,"column":28}},"loc":{"start":{"line":465,"column":46},"end":{"line":476,"column":1}}}},"branchMap":{"0":{"loc":{"start":{"line":54,"column":13},"end":{"line":57,"column":42}},"type":"binary-expr","locations":[{"start":{"line":54,"column":13},"end":{"line":57,"column":36}},{"start":{"line":57,"column":40},"end":{"line":57,"column":42}}]},"1":{"loc":{"start":{"line":58,"column":10},"end":{"line":64,"column":20}},"type":"cond-expr","locations":[{"start":{"line":58,"column":37},"end":{"line":64,"column":8}},{"start":{"line":64,"column":11},"end":{"line":64,"column":20}}]},"2":{"loc":{"start":{"line":69,"column":16},"end":{"line":69,"column":93}},"type":"binary-expr","locations":[{"start":{"line":69,"column":16},"end":{"line":69,"column":55}},{"start":{"line":69,"column":59},"end":{"line":69,"column":93}}]},"3":{"loc":{"start":{"line":70,"column":10},"end":{"line":70,"column":75}},"type":"binary-expr","locations":[{"start":{"line":70,"column":10},"end":{"line":70,"column":43}},{"start":{"line":70,"column":47},"end":{"line":70,"column":75}}]},"4":{"loc":{"start":{"line":71,"column":12},"end":{"line":71,"column":81}},"type":"binary-expr","locations":[{"start":{"line":71,"column":12},"end":{"line":71,"column":47}},{"start":{"line":71,"column":51},"end":{"line":71,"column":81}}]},"5":{"loc":{"start":{"line":72,"column":16},"end":{"line":72,"column":93}},"type":"binary-expr","locations":[{"start":{"line":72,"column":16},"end":{"line":72,"column":55}},{"start":{"line":72,"column":59},"end":{"line":72,"column":93}}]},"6":{"loc":{"start":{"line":73,"column":15},"end":{"line":73,"column":90}},"type":"binary-expr","locations":[{"start":{"line":73,"column":15},"end":{"line":73,"column":53}},{"start":{"line":73,"column":57},"end":{"line":73,"column":90}}]},"7":{"loc":{"start":{"line":76,"column":35},"end":{"line":76,"column":68}},"type":"binary-expr","locations":[{"start":{"line":76,"column":35},"end":{"line":76,"column":50}},{"start":{"line":76,"column":54},"end":{"line":76,"column":68}}]},"8":{"loc":{"start":{"line":92,"column":2},"end":{"line":95,"column":3}},"type":"if","locations":[{"start":{"line":92,"column":2},"end":{"line":95,"column":3}}]},"9":{"loc":{"start":{"line":94,"column":11},"end":{"line":94,"column":38}},"type":"cond-expr","locations":[{"start":{"line":94,"column":19},"end":{"line":94,"column":27}},{"start":{"line":94,"column":30},"end":{"line":94,"column":38}}]},"10":{"loc":{"start":{"line":96,"column":2},"end":{"line":98,"column":3}},"type":"if","locations":[{"start":{"line":96,"column":2},"end":{"line":98,"column":3}}]},"11":{"loc":{"start":{"line":107,"column":18},"end":{"line":107,"column":57}},"type":"cond-expr","locations":[{"start":{"line":107,"column":29},"end":{"line":107,"column":40}},{"start":{"line":107,"column":43},"end":{"line":107,"column":57}}]},"12":{"loc":{"start":{"line":108,"column":15},"end":{"line":108,"column":56}},"type":"cond-expr","locations":[{"start":{"line":108,"column":26},"end":{"line":108,"column":51}},{"start":{"line":108,"column":54},"end":{"line":108,"column":56}}]},"13":{"loc":{"start":{"line":114,"column":2},"end":{"line":122,"column":3}},"type":"if","locations":[{"start":{"line":114,"column":2},"end":{"line":122,"column":3}},{"start":{"line":120,"column":9},"end":{"line":122,"column":3}}]},"14":{"loc":{"start":{"line":114,"column":6},"end":{"line":114,"column":53}},"type":"binary-expr","locations":[{"start":{"line":114,"column":6},"end":{"line":114,"column":22}},{"start":{"line":114,"column":26},"end":{"line":114,"column":53}}]},"15":{"loc":{"start":{"line":126,"column":2},"end":{"line":128,"column":3}},"type":"if","locations":[{"start":{"line":126,"column":2},"end":{"line":128,"column":3}}]},"16":{"loc":{"start":{"line":126,"column":6},"end":{"line":126,"column":47}},"type":"binary-expr","locations":[{"start":{"line":126,"column":6},"end":{"line":126,"column":19}},{"start":{"line":126,"column":23},"end":{"line":126,"column":47}}]},"17":{"loc":{"start":{"line":131,"column":2},"end":{"line":144,"column":3}},"type":"if","locations":[{"start":{"line":131,"column":2},"end":{"line":144,"column":3}}]},"18":{"loc":{"start":{"line":134,"column":4},"end":{"line":136,"column":5}},"type":"if","locations":[{"start":{"line":134,"column":4},"end":{"line":136,"column":5}}]},"19":{"loc":{"start":{"line":146,"column":21},"end":{"line":146,"column":93}},"type":"cond-expr","locations":[{"start":{"line":146,"column":42},"end":{"line":146,"column":88}},{"start":{"line":146,"column":91},"end":{"line":146,"column":93}}]},"20":{"loc":{"start":{"line":155,"column":2},"end":{"line":161,"column":3}},"type":"if","locations":[{"start":{"line":155,"column":2},"end":{"line":161,"column":3}}]},"21":{"loc":{"start":{"line":155,"column":6},"end":{"line":155,"column":75}},"type":"binary-expr","locations":[{"start":{"line":155,"column":6},"end":{"line":155,"column":24}},{"start":{"line":155,"column":28},"end":{"line":155,"column":44}},{"start":{"line":155,"column":48},"end":{"line":155,"column":75}}]},"22":{"loc":{"start":{"line":167,"column":2},"end":{"line":171,"column":3}},"type":"if","locations":[{"start":{"line":167,"column":2},"end":{"line":171,"column":3}}]},"23":{"loc":{"start":{"line":167,"column":6},"end":{"line":167,"column":47}},"type":"binary-expr","locations":[{"start":{"line":167,"column":6},"end":{"line":167,"column":19}},{"start":{"line":167,"column":23},"end":{"line":167,"column":47}}]},"24":{"loc":{"start":{"line":173,"column":2},"end":{"line":186,"column":3}},"type":"if","locations":[{"start":{"line":173,"column":2},"end":{"line":186,"column":3}}]},"25":{"loc":{"start":{"line":176,"column":4},"end":{"line":178,"column":5}},"type":"if","locations":[{"start":{"line":176,"column":4},"end":{"line":178,"column":5}}]},"26":{"loc":{"start":{"line":196,"column":18},"end":{"line":196,"column":57}},"type":"cond-expr","locations":[{"start":{"line":196,"column":29},"end":{"line":196,"column":40}},{"start":{"line":196,"column":43},"end":{"line":196,"column":57}}]},"27":{"loc":{"start":{"line":197,"column":15},"end":{"line":197,"column":56}},"type":"cond-expr","locations":[{"start":{"line":197,"column":26},"end":{"line":197,"column":51}},{"start":{"line":197,"column":54},"end":{"line":197,"column":56}}]},"28":{"loc":{"start":{"line":204,"column":2},"end":{"line":211,"column":3}},"type":"if","locations":[{"start":{"line":204,"column":2},"end":{"line":211,"column":3}}]},"29":{"loc":{"start":{"line":204,"column":6},"end":{"line":204,"column":53}},"type":"binary-expr","locations":[{"start":{"line":204,"column":6},"end":{"line":204,"column":22}},{"start":{"line":204,"column":26},"end":{"line":204,"column":53}}]},"30":{"loc":{"start":{"line":216,"column":2},"end":{"line":221,"column":3}},"type":"if","locations":[{"start":{"line":216,"column":2},"end":{"line":221,"column":3}}]},"31":{"loc":{"start":{"line":216,"column":6},"end":{"line":216,"column":47}},"type":"binary-expr","locations":[{"start":{"line":216,"column":6},"end":{"line":216,"column":19}},{"start":{"line":216,"column":23},"end":{"line":216,"column":47}}]},"32":{"loc":{"start":{"line":224,"column":2},"end":{"line":241,"column":3}},"type":"if","locations":[{"start":{"line":224,"column":2},"end":{"line":241,"column":3}}]},"33":{"loc":{"start":{"line":234,"column":8},"end":{"line":234,"column":33}},"type":"if","locations":[{"start":{"line":234,"column":8},"end":{"line":234,"column":33}}]},"34":{"loc":{"start":{"line":251,"column":18},"end":{"line":251,"column":57}},"type":"cond-expr","locations":[{"start":{"line":251,"column":29},"end":{"line":251,"column":40}},{"start":{"line":251,"column":43},"end":{"line":251,"column":57}}]},"35":{"loc":{"start":{"line":252,"column":15},"end":{"line":252,"column":56}},"type":"cond-expr","locations":[{"start":{"line":252,"column":26},"end":{"line":252,"column":51}},{"start":{"line":252,"column":54},"end":{"line":252,"column":56}}]},"36":{"loc":{"start":{"line":259,"column":2},"end":{"line":267,"column":3}},"type":"if","locations":[{"start":{"line":259,"column":2},"end":{"line":267,"column":3}},{"start":{"line":265,"column":9},"end":{"line":267,"column":3}}]},"37":{"loc":{"start":{"line":259,"column":6},"end":{"line":259,"column":53}},"type":"binary-expr","locations":[{"start":{"line":259,"column":6},"end":{"line":259,"column":22}},{"start":{"line":259,"column":26},"end":{"line":259,"column":53}}]},"38":{"loc":{"start":{"line":271,"column":2},"end":{"line":273,"column":3}},"type":"if","locations":[{"start":{"line":271,"column":2},"end":{"line":273,"column":3}}]},"39":{"loc":{"start":{"line":271,"column":6},"end":{"line":271,"column":47}},"type":"binary-expr","locations":[{"start":{"line":271,"column":6},"end":{"line":271,"column":19}},{"start":{"line":271,"column":23},"end":{"line":271,"column":47}}]},"40":{"loc":{"start":{"line":276,"column":2},"end":{"line":289,"column":3}},"type":"if","locations":[{"start":{"line":276,"column":2},"end":{"line":289,"column":3}}]},"41":{"loc":{"start":{"line":279,"column":4},"end":{"line":281,"column":5}},"type":"if","locations":[{"start":{"line":279,"column":4},"end":{"line":281,"column":5}}]},"42":{"loc":{"start":{"line":291,"column":21},"end":{"line":291,"column":101}},"type":"cond-expr","locations":[{"start":{"line":291,"column":42},"end":{"line":291,"column":96}},{"start":{"line":291,"column":99},"end":{"line":291,"column":101}}]},"43":{"loc":{"start":{"line":318,"column":15},"end":{"line":318,"column":51}},"type":"cond-expr","locations":[{"start":{"line":318,"column":26},"end":{"line":318,"column":37}},{"start":{"line":318,"column":40},"end":{"line":318,"column":51}}]},"44":{"loc":{"start":{"line":319,"column":15},"end":{"line":319,"column":59}},"type":"cond-expr","locations":[{"start":{"line":319,"column":41},"end":{"line":319,"column":52}},{"start":{"line":319,"column":55},"end":{"line":319,"column":59}}]},"45":{"loc":{"start":{"line":319,"column":15},"end":{"line":319,"column":38}},"type":"binary-expr","locations":[{"start":{"line":319,"column":15},"end":{"line":319,"column":23}},{"start":{"line":319,"column":27},"end":{"line":319,"column":38}}]},"46":{"loc":{"start":{"line":320,"column":19},"end":{"line":320,"column":61}},"type":"cond-expr","locations":[{"start":{"line":320,"column":30},"end":{"line":320,"column":55}},{"start":{"line":320,"column":58},"end":{"line":320,"column":61}}]},"47":{"loc":{"start":{"line":325,"column":22},"end":{"line":325,"column":77}},"type":"binary-expr","locations":[{"start":{"line":325,"column":22},"end":{"line":325,"column":71}},{"start":{"line":325,"column":75},"end":{"line":325,"column":77}}]},"48":{"loc":{"start":{"line":327,"column":2},"end":{"line":339,"column":3}},"type":"if","locations":[{"start":{"line":327,"column":2},"end":{"line":339,"column":3}}]},"49":{"loc":{"start":{"line":343,"column":2},"end":{"line":347,"column":3}},"type":"if","locations":[{"start":{"line":343,"column":2},"end":{"line":347,"column":3}}]},"50":{"loc":{"start":{"line":343,"column":6},"end":{"line":343,"column":47}},"type":"binary-expr","locations":[{"start":{"line":343,"column":6},"end":{"line":343,"column":19}},{"start":{"line":343,"column":23},"end":{"line":343,"column":47}}]},"51":{"loc":{"start":{"line":352,"column":2},"end":{"line":368,"column":3}},"type":"if","locations":[{"start":{"line":352,"column":2},"end":{"line":368,"column":3}}]},"52":{"loc":{"start":{"line":362,"column":4},"end":{"line":364,"column":5}},"type":"if","locations":[{"start":{"line":362,"column":4},"end":{"line":364,"column":5}}]},"53":{"loc":{"start":{"line":379,"column":2},"end":{"line":383,"column":3}},"type":"if","locations":[{"start":{"line":379,"column":2},"end":{"line":383,"column":3}},{"start":{"line":381,"column":9},"end":{"line":383,"column":3}}]},"54":{"loc":{"start":{"line":380,"column":158},"end":{"line":380,"column":180}},"type":"cond-expr","locations":[{"start":{"line":380,"column":165},"end":{"line":380,"column":175}},{"start":{"line":380,"column":178},"end":{"line":380,"column":180}}]},"55":{"loc":{"start":{"line":422,"column":4},"end":{"line":426,"column":5}},"type":"if","locations":[{"start":{"line":422,"column":4},"end":{"line":426,"column":5}}]},"56":{"loc":{"start":{"line":423,"column":6},"end":{"line":425,"column":7}},"type":"if","locations":[{"start":{"line":423,"column":6},"end":{"line":425,"column":7}}]},"57":{"loc":{"start":{"line":423,"column":10},"end":{"line":423,"column":73}},"type":"binary-expr","locations":[{"start":{"line":423,"column":10},"end":{"line":423,"column":40}},{"start":{"line":423,"column":44},"end":{"line":423,"column":73}}]},"58":{"loc":{"start":{"line":432,"column":4},"end":{"line":434,"column":5}},"type":"if","locations":[{"start":{"line":432,"column":4},"end":{"line":434,"column":5}}]},"59":{"loc":{"start":{"line":445,"column":2},"end":{"line":447,"column":3}},"type":"if","locations":[{"start":{"line":445,"column":2},"end":{"line":447,"column":3}}]},"60":{"loc":{"start":{"line":466,"column":2},"end":{"line":468,"column":3}},"type":"if","locations":[{"start":{"line":466,"column":2},"end":{"line":468,"column":3}}]}},"s":{"0":30,"1":30,"2":30,"3":30,"4":30,"5":30,"6":30,"7":230,"8":230,"9":230,"10":243,"11":243,"12":116,"13":116,"14":0,"15":230,"16":230,"17":230,"18":230,"19":0,"20":0,"21":230,"22":230,"23":0,"24":229,"25":229,"26":229,"27":229,"28":229,"29":229,"30":147,"31":220,"32":220,"33":147,"34":82,"35":229,"36":229,"37":195,"38":242,"39":229,"40":229,"41":115,"42":134,"43":115,"44":71,"45":115,"46":115,"47":115,"48":0,"49":229,"50":229,"51":229,"52":229,"53":147,"54":220,"55":220,"56":147,"57":229,"58":229,"59":229,"60":195,"61":242,"62":229,"63":115,"64":134,"65":115,"66":71,"67":115,"68":115,"69":115,"70":0,"71":229,"72":229,"73":229,"74":229,"75":229,"76":229,"77":229,"78":229,"79":147,"80":220,"81":220,"82":147,"83":147,"84":229,"85":229,"86":229,"87":195,"88":242,"89":195,"90":229,"91":229,"92":115,"93":115,"94":115,"95":115,"96":5120,"97":115,"98":5005,"99":115,"100":0,"101":229,"102":229,"103":229,"104":229,"105":229,"106":229,"107":229,"108":229,"109":147,"110":220,"111":220,"112":147,"113":82,"114":229,"115":229,"116":195,"117":242,"118":229,"119":229,"120":115,"121":134,"122":115,"123":71,"124":115,"125":115,"126":115,"127":0,"128":229,"129":229,"130":229,"131":229,"132":229,"133":229,"134":229,"135":229,"136":229,"137":229,"138":220,"139":229,"140":147,"141":147,"142":147,"143":220,"144":220,"145":220,"146":147,"147":147,"148":229,"149":229,"150":195,"151":242,"152":229,"153":229,"154":229,"155":115,"156":115,"157":115,"158":0,"159":115,"160":134,"161":115,"162":71,"163":115,"164":115,"165":229,"166":229,"167":229,"168":428,"169":229,"170":147,"171":82,"172":229,"173":28,"174":28,"175":205,"176":205,"177":186,"178":186,"179":28,"180":205,"181":205,"182":0,"183":28,"184":28,"185":28,"186":0,"187":28,"188":28,"189":3,"190":3,"191":3,"192":3,"193":0,"194":3,"195":3,"196":3,"197":0,"198":0},"f":{"0":230,"1":243,"2":116,"3":230,"4":229,"5":220,"6":220,"7":242,"8":134,"9":229,"10":220,"11":220,"12":134,"13":229,"14":220,"15":220,"16":242,"17":5120,"18":229,"19":220,"20":220,"21":242,"22":134,"23":229,"24":220,"25":134,"26":28,"27":28,"28":3,"29":3},"b":{"0":[230,7],"1":[116,114],"2":[230,229],"3":[230,229],"4":[230,229],"5":[230,229],"6":[230,229],"7":[230,0],"8":[0],"9":[0,0],"10":[230],"11":[229,0],"12":[229,0],"13":[147,82],"14":[229,147],"15":[195],"16":[229,222],"17":[115],"18":[71],"19":[220,9],"20":[147],"21":[229,229,147],"22":[195],"23":[229,222],"24":[115],"25":[71],"26":[229,0],"27":[229,0],"28":[147],"29":[229,147],"30":[195],"31":[229,222],"32":[115],"33":[115],"34":[229,0],"35":[229,0],"36":[147,82],"37":[229,147],"38":[195],"39":[229,222],"40":[115],"41":[71],"42":[220,9],"43":[229,0],"44":[229,0],"45":[229,229],"46":[229,0],"47":[229,82],"48":[147],"49":[195],"50":[229,222],"51":[115],"52":[71],"53":[147,82],"54":[71,76],"55":[186],"56":[186],"57":[186,186],"58":[0],"59":[0],"60":[0]}}
,"/Users/ckennedy/Projects/foundryvtt-ai-gm/relay/tests/helpers/captureWsExample.ts": {"path":"/Users/ckennedy/Projects/foundryvtt-ai-gm/relay/tests/helpers/captureWsExample.ts","statementMap":{"0":{"start":{"line":19,"column":0},"end":{"line":19,"column":16}},"1":{"start":{"line":110,"column":0},"end":{"line":110,"column":16}},"2":{"start":{"line":1,"column":0},"end":{"line":1,"column":25}},"3":{"start":{"line":2,"column":0},"end":{"line":2,"column":29}},"4":{"start":{"line":26,"column":2},"end":{"line":36,"column":4}},"5":{"start":{"line":40,"column":14},"end":{"line":40,"column":83}},"6":{"start":{"line":41,"column":2},"end":{"line":57,"column":4}},"7":{"start":{"line":61,"column":14},"end":{"line":61,"column":74}},"8":{"start":{"line":63,"column":16},"end":{"line":63,"column":108}},"9":{"start":{"line":64,"column":2},"end":{"line":81,"column":21}},"10":{"start":{"line":85,"column":14},"end":{"line":85,"column":83}},"11":{"start":{"line":86,"column":2},"end":{"line":104,"column":5}},"12":{"start":{"line":111,"column":14},"end":{"line":111,"column":38}},"13":{"start":{"line":112,"column":2},"end":{"line":114,"column":3}},"14":{"start":{"line":113,"column":4},"end":{"line":113,"column":43}},"15":{"start":{"line":116,"column":15},"end":{"line":116,"column":51}},"16":{"start":{"line":117,"column":2},"end":{"line":121,"column":3}},"17":{"start":{"line":118,"column":4},"end":{"line":120,"column":5}},"18":{"start":{"line":119,"column":6},"end":{"line":119,"column":45}},"19":{"start":{"line":122,"column":2},"end":{"line":122,"column":83}}},"fnMap":{"0":{"name":"captureWsExample","decl":{"start":{"line":19,"column":16},"end":{"line":19,"column":32}},"loc":{"start":{"line":24,"column":15},"end":{"line":37,"column":1}}},"1":{"name":"generateJsWsExample","decl":{"start":{"line":39,"column":9},"end":{"line":39,"column":28}},"loc":{"start":{"line":39,"column":86},"end":{"line":58,"column":1}}},"2":{"name":"generatePythonWsExample","decl":{"start":{"line":60,"column":9},"end":{"line":60,"column":32}},"loc":{"start":{"line":60,"column":90},"end":{"line":82,"column":1}}},"3":{"name":"generateTsWsExample","decl":{"start":{"line":84,"column":9},"end":{"line":84,"column":28}},"loc":{"start":{"line":84,"column":86},"end":{"line":105,"column":1}}},"4":{"name":"saveWsExamples","decl":{"start":{"line":110,"column":16},"end":{"line":110,"column":30}},"loc":{"start":{"line":110,"column":80},"end":{"line":123,"column":1}}}},"branchMap":{"0":{"loc":{"start":{"line":112,"column":2},"end":{"line":114,"column":3}},"type":"if","locations":[{"start":{"line":112,"column":2},"end":{"line":114,"column":3}}]},"1":{"loc":{"start":{"line":118,"column":4},"end":{"line":120,"column":5}},"type":"if","locations":[{"start":{"line":118,"column":4},"end":{"line":120,"column":5}}]}},"s":{"0":3,"1":3,"2":3,"3":3,"4":8,"5":8,"6":8,"7":8,"8":8,"9":8,"10":8,"11":8,"12":3,"13":3,"14":0,"15":3,"16":3,"17":8,"18":8,"19":3},"f":{"0":8,"1":8,"2":8,"3":8,"4":3},"b":{"0":[0],"1":[8]}}
,"/Users/ckennedy/Projects/foundryvtt-ai-gm/relay/tests/helpers/compendiumData.ts": {"path":"/Users/ckennedy/Projects/foundryvtt-ai-gm/relay/tests/helpers/compendiumData.ts","statementMap":{"0":{"start":{"line":30,"column":0},"end":{"line":30,"column":7}},"1":{"start":{"line":9,"column":0},"end":{"line":9,"column":79}},"2":{"start":{"line":10,"column":0},"end":{"line":10,"column":61}},"3":{"start":{"line":11,"column":0},"end":{"line":11,"column":54}},"4":{"start":{"line":12,"column":0},"end":{"line":12,"column":45}},"5":{"start":{"line":15,"column":14},"end":{"line":15,"column":59}},"6":{"start":{"line":35,"column":19},"end":{"line":35,"column":104}},"7":{"start":{"line":36,"column":2},"end":{"line":38,"column":3}},"8":{"start":{"line":37,"column":4},"end":{"line":37,"column":39}},"9":{"start":{"line":40,"column":2},"end":{"line":175,"column":3}},"10":{"start":{"line":41,"column":21},"end":{"line":41,"column":80}},"11":{"start":{"line":42,"column":4},"end":{"line":46,"column":5}},"12":{"start":{"line":43,"column":6},"end":{"line":43,"column":82}},"13":{"start":{"line":44,"column":6},"end":{"line":44,"column":32}},"14":{"start":{"line":45,"column":6},"end":{"line":45,"column":18}},"15":{"start":{"line":48,"column":21},"end":{"line":48,"column":41}},"16":{"start":{"line":49,"column":4},"end":{"line":53,"column":5}},"17":{"start":{"line":50,"column":6},"end":{"line":50,"column":82}},"18":{"start":{"line":51,"column":6},"end":{"line":51,"column":32}},"19":{"start":{"line":52,"column":6},"end":{"line":52,"column":18}},"20":{"start":{"line":56,"column":4},"end":{"line":56,"column":38}},"21":{"start":{"line":59,"column":46},"end":{"line":73,"column":6}},"22":{"start":{"line":75,"column":30},"end":{"line":75,"column":78}},"23":{"start":{"line":76,"column":30},"end":{"line":76,"column":66}},"24":{"start":{"line":79,"column":26},"end":{"line":79,"column":80}},"25":{"start":{"line":80,"column":4},"end":{"line":84,"column":5}},"26":{"start":{"line":81,"column":6},"end":{"line":81,"column":126}},"27":{"start":{"line":82,"column":6},"end":{"line":82,"column":32}},"28":{"start":{"line":83,"column":6},"end":{"line":83,"column":18}},"29":{"start":{"line":86,"column":18},"end":{"line":86,"column":47}},"30":{"start":{"line":89,"column":61},"end":{"line":89,"column":65}},"31":{"start":{"line":91,"column":4},"end":{"line":120,"column":5}},"32":{"start":{"line":92,"column":19},"end":{"line":92,"column":33}},"33":{"start":{"line":94,"column":6},"end":{"line":94,"column":57}},"34":{"start":{"line":94,"column":48},"end":{"line":94,"column":57}},"35":{"start":{"line":95,"column":6},"end":{"line":95,"column":65}},"36":{"start":{"line":95,"column":56},"end":{"line":95,"column":65}},"37":{"start":{"line":98,"column":6},"end":{"line":98,"column":81}},"38":{"start":{"line":98,"column":72},"end":{"line":98,"column":81}},"39":{"start":{"line":101,"column":18},"end":{"line":101,"column":34}},"40":{"start":{"line":102,"column":6},"end":{"line":113,"column":7}},"41":{"start":{"line":103,"column":23},"end":{"line":103,"column":56}},"42":{"start":{"line":104,"column":22},"end":{"line":104,"column":92}},"43":{"start":{"line":104,"column":53},"end":{"line":104,"column":91}},"44":{"start":{"line":105,"column":8},"end":{"line":105,"column":29}},"45":{"start":{"line":105,"column":20},"end":{"line":105,"column":29}},"46":{"start":{"line":106,"column":8},"end":{"line":106,"column":22}},"47":{"start":{"line":107,"column":13},"end":{"line":113,"column":7}},"48":{"start":{"line":109,"column":26},"end":{"line":109,"column":80}},"49":{"start":{"line":109,"column":57},"end":{"line":109,"column":79}},"50":{"start":{"line":110,"column":25},"end":{"line":110,"column":73}},"51":{"start":{"line":110,"column":56},"end":{"line":110,"column":72}},"52":{"start":{"line":111,"column":27},"end":{"line":111,"column":79}},"53":{"start":{"line":111,"column":58},"end":{"line":111,"column":78}},"54":{"start":{"line":112,"column":8},"end":{"line":112,"column":61}},"55":{"start":{"line":115,"column":6},"end":{"line":118,"column":8}},"56":{"start":{"line":119,"column":6},"end":{"line":119,"column":12}},"57":{"start":{"line":122,"column":4},"end":{"line":127,"column":5}},"58":{"start":{"line":123,"column":25},"end":{"line":123,"column":84}},"59":{"start":{"line":124,"column":6},"end":{"line":124,"column":97}},"60":{"start":{"line":125,"column":6},"end":{"line":125,"column":32}},"61":{"start":{"line":126,"column":6},"end":{"line":126,"column":18}},"62":{"start":{"line":130,"column":40},"end":{"line":144,"column":6}},"63":{"start":{"line":146,"column":24},"end":{"line":146,"column":66}},"64":{"start":{"line":147,"column":24},"end":{"line":147,"column":54}},"65":{"start":{"line":149,"column":4},"end":{"line":153,"column":5}},"66":{"start":{"line":150,"column":6},"end":{"line":150,"column":110}},"67":{"start":{"line":151,"column":6},"end":{"line":151,"column":32}},"68":{"start":{"line":152,"column":6},"end":{"line":152,"column":18}},"69":{"start":{"line":156,"column":23},"end":{"line":156,"column":51}},"70":{"start":{"line":157,"column":4},"end":{"line":157,"column":26}},"71":{"start":{"line":158,"column":4},"end":{"line":158,"column":29}},"72":{"start":{"line":159,"column":4},"end":{"line":159,"column":29}},"73":{"start":{"line":160,"column":4},"end":{"line":160,"column":27}},"74":{"start":{"line":161,"column":4},"end":{"line":161,"column":32}},"75":{"start":{"line":162,"column":4},"end":{"line":162,"column":28}},"76":{"start":{"line":165,"column":4},"end":{"line":165,"column":78}},"77":{"start":{"line":167,"column":4},"end":{"line":167,"column":117}},"78":{"start":{"line":169,"column":4},"end":{"line":169,"column":36}},"79":{"start":{"line":170,"column":4},"end":{"line":170,"column":22}},"80":{"start":{"line":172,"column":4},"end":{"line":172,"column":75}},"81":{"start":{"line":173,"column":4},"end":{"line":173,"column":30}},"82":{"start":{"line":174,"column":4},"end":{"line":174,"column":16}}},"fnMap":{"0":{"name":"fetchCompendiumEntityData","decl":{"start":{"line":30,"column":22},"end":{"line":30,"column":47}},"loc":{"start":{"line":33,"column":34},"end":{"line":176,"column":1}}},"1":{"name":"(anonymous_1)","decl":{"start":{"line":104,"column":41},"end":{"line":104,"column":42}},"loc":{"start":{"line":104,"column":53},"end":{"line":104,"column":91}}},"2":{"name":"(anonymous_2)","decl":{"start":{"line":109,"column":45},"end":{"line":109,"column":46}},"loc":{"start":{"line":109,"column":57},"end":{"line":109,"column":79}}},"3":{"name":"(anonymous_3)","decl":{"start":{"line":110,"column":44},"end":{"line":110,"column":45}},"loc":{"start":{"line":110,"column":56},"end":{"line":110,"column":72}}},"4":{"name":"(anonymous_4)","decl":{"start":{"line":111,"column":46},"end":{"line":111,"column":47}},"loc":{"start":{"line":111,"column":58},"end":{"line":111,"column":78}}}},"branchMap":{"0":{"loc":{"start":{"line":35,"column":47},"end":{"line":35,"column":72}},"type":"binary-expr","locations":[{"start":{"line":35,"column":47},"end":{"line":35,"column":66}},{"start":{"line":35,"column":70},"end":{"line":35,"column":72}}]},"1":{"loc":{"start":{"line":35,"column":76},"end":{"line":35,"column":102}},"type":"binary-expr","locations":[{"start":{"line":35,"column":76},"end":{"line":35,"column":96}},{"start":{"line":35,"column":100},"end":{"line":35,"column":102}}]},"2":{"loc":{"start":{"line":36,"column":2},"end":{"line":38,"column":3}},"type":"if","locations":[{"start":{"line":36,"column":2},"end":{"line":38,"column":3}}]},"3":{"loc":{"start":{"line":37,"column":11},"end":{"line":37,"column":38}},"type":"binary-expr","locations":[{"start":{"line":37,"column":11},"end":{"line":37,"column":30}},{"start":{"line":37,"column":34},"end":{"line":37,"column":38}}]},"4":{"loc":{"start":{"line":41,"column":21},"end":{"line":41,"column":80}},"type":"binary-expr","locations":[{"start":{"line":41,"column":21},"end":{"line":41,"column":38}},{"start":{"line":41,"column":42},"end":{"line":41,"column":80}}]},"5":{"loc":{"start":{"line":42,"column":4},"end":{"line":46,"column":5}},"type":"if","locations":[{"start":{"line":42,"column":4},"end":{"line":46,"column":5}}]},"6":{"loc":{"start":{"line":49,"column":4},"end":{"line":53,"column":5}},"type":"if","locations":[{"start":{"line":49,"column":4},"end":{"line":53,"column":5}}]},"7":{"loc":{"start":{"line":79,"column":26},"end":{"line":79,"column":80}},"type":"binary-expr","locations":[{"start":{"line":79,"column":26},"end":{"line":79,"column":54}},{"start":{"line":79,"column":58},"end":{"line":79,"column":80}}]},"8":{"loc":{"start":{"line":80,"column":4},"end":{"line":84,"column":5}},"type":"if","locations":[{"start":{"line":80,"column":4},"end":{"line":84,"column":5}}]},"9":{"loc":{"start":{"line":80,"column":8},"end":{"line":80,"column":75}},"type":"binary-expr","locations":[{"start":{"line":80,"column":8},"end":{"line":80,"column":40}},{"start":{"line":80,"column":44},"end":{"line":80,"column":75}}]},"10":{"loc":{"start":{"line":94,"column":6},"end":{"line":94,"column":57}},"type":"if","locations":[{"start":{"line":94,"column":6},"end":{"line":94,"column":57}}]},"11":{"loc":{"start":{"line":95,"column":6},"end":{"line":95,"column":65}},"type":"if","locations":[{"start":{"line":95,"column":6},"end":{"line":95,"column":65}}]},"12":{"loc":{"start":{"line":95,"column":10},"end":{"line":95,"column":54}},"type":"binary-expr","locations":[{"start":{"line":95,"column":10},"end":{"line":95,"column":24}},{"start":{"line":95,"column":28},"end":{"line":95,"column":54}}]},"13":{"loc":{"start":{"line":98,"column":6},"end":{"line":98,"column":81}},"type":"if","locations":[{"start":{"line":98,"column":6},"end":{"line":98,"column":81}}]},"14":{"loc":{"start":{"line":98,"column":10},"end":{"line":98,"column":70}},"type":"binary-expr","locations":[{"start":{"line":98,"column":10},"end":{"line":98,"column":29}},{"start":{"line":98,"column":33},"end":{"line":98,"column":70}}]},"15":{"loc":{"start":{"line":102,"column":6},"end":{"line":113,"column":7}},"type":"if","locations":[{"start":{"line":102,"column":6},"end":{"line":113,"column":7}},{"start":{"line":107,"column":13},"end":{"line":113,"column":7}}]},"16":{"loc":{"start":{"line":105,"column":8},"end":{"line":105,"column":29}},"type":"if","locations":[{"start":{"line":105,"column":8},"end":{"line":105,"column":29}}]},"17":{"loc":{"start":{"line":107,"column":13},"end":{"line":113,"column":7}},"type":"if","locations":[{"start":{"line":107,"column":13},"end":{"line":113,"column":7}}]},"18":{"loc":{"start":{"line":112,"column":16},"end":{"line":112,"column":60}},"type":"binary-expr","locations":[{"start":{"line":112,"column":16},"end":{"line":112,"column":25}},{"start":{"line":112,"column":29},"end":{"line":112,"column":37}},{"start":{"line":112,"column":41},"end":{"line":112,"column":51}},{"start":{"line":112,"column":55},"end":{"line":112,"column":60}}]},"19":{"loc":{"start":{"line":122,"column":4},"end":{"line":127,"column":5}},"type":"if","locations":[{"start":{"line":122,"column":4},"end":{"line":127,"column":5}}]},"20":{"loc":{"start":{"line":123,"column":25},"end":{"line":123,"column":84}},"type":"cond-expr","locations":[{"start":{"line":123,"column":47},"end":{"line":123,"column":79}},{"start":{"line":123,"column":82},"end":{"line":123,"column":84}}]},"21":{"loc":{"start":{"line":149,"column":4},"end":{"line":153,"column":5}},"type":"if","locations":[{"start":{"line":149,"column":4},"end":{"line":153,"column":5}}]},"22":{"loc":{"start":{"line":149,"column":8},"end":{"line":149,"column":61}},"type":"binary-expr","locations":[{"start":{"line":149,"column":8},"end":{"line":149,"column":34}},{"start":{"line":149,"column":38},"end":{"line":149,"column":61}}]},"23":{"loc":{"start":{"line":165,"column":31},"end":{"line":165,"column":60}},"type":"binary-expr","locations":[{"start":{"line":165,"column":31},"end":{"line":165,"column":46}},{"start":{"line":165,"column":50},"end":{"line":165,"column":60}}]}},"s":{"0":9,"1":9,"2":9,"3":9,"4":9,"5":9,"6":6,"7":6,"8":2,"9":4,"10":4,"11":4,"12":0,"13":0,"14":0,"15":4,"16":4,"17":0,"18":0,"19":0,"20":4,"21":4,"22":4,"23":4,"24":4,"25":4,"26":0,"27":0,"28":0,"29":4,"30":4,"31":4,"32":6,"33":6,"34":0,"35":6,"36":0,"37":6,"38":2,"39":4,"40":4,"41":1,"42":1,"43":17,"44":1,"45":0,"46":1,"47":3,"48":1,"49":1,"50":1,"51":12,"52":1,"53":1,"54":1,"55":4,"56":4,"57":4,"58":0,"59":0,"60":0,"61":0,"62":4,"63":4,"64":4,"65":4,"66":0,"67":0,"68":0,"69":4,"70":4,"71":4,"72":4,"73":4,"74":4,"75":4,"76":4,"77":4,"78":4,"79":4,"80":0,"81":0,"82":0},"f":{"0":6,"1":17,"2":1,"3":12,"4":1},"b":{"0":[6,4],"1":[6,5],"2":[2],"3":[2,0],"4":[4,4],"5":[0],"6":[0],"7":[4,0],"8":[0],"9":[4,4],"10":[0],"11":[0],"12":[6,6],"13":[2],"14":[6,4],"15":[1,3],"16":[0],"17":[1],"18":[1,0,0,0],"19":[0],"20":[0,0],"21":[0],"22":[4,4],"23":[4,0]}}
,"/Users/ckennedy/Projects/foundryvtt-ai-gm/relay/tests/helpers/endpointMetadata.ts": {"path":"/Users/ckennedy/Projects/foundryvtt-ai-gm/relay/tests/helpers/endpointMetadata.ts","statementMap":{"0":{"start":{"line":81,"column":0},"end":{"line":81,"column":16}},"1":{"start":{"line":138,"column":0},"end":{"line":138,"column":16}},"2":{"start":{"line":182,"column":0},"end":{"line":182,"column":16}},"3":{"start":{"line":189,"column":0},"end":{"line":189,"column":16}},"4":{"start":{"line":197,"column":0},"end":{"line":197,"column":16}},"5":{"start":{"line":204,"column":0},"end":{"line":204,"column":16}},"6":{"start":{"line":12,"column":0},"end":{"line":12,"column":25}},"7":{"start":{"line":13,"column":0},"end":{"line":13,"column":29}},"8":{"start":{"line":40,"column":26},"end":{"line":40,"column":34}},"9":{"start":{"line":47,"column":38},"end":{"line":50,"column":2}},"10":{"start":{"line":57,"column":68},"end":{"line":73,"column":2}},"11":{"start":{"line":75,"column":45},"end":{"line":75,"column":49}},"12":{"start":{"line":82,"column":2},"end":{"line":82,"column":46}},"13":{"start":{"line":82,"column":23},"end":{"line":82,"column":46}},"14":{"start":{"line":84,"column":19},"end":{"line":84,"column":69}},"15":{"start":{"line":85,"column":2},"end":{"line":88,"column":3}},"16":{"start":{"line":86,"column":4},"end":{"line":86,"column":104}},"17":{"start":{"line":87,"column":4},"end":{"line":87,"column":14}},"18":{"start":{"line":90,"column":14},"end":{"line":90,"column":59}},"19":{"start":{"line":91,"column":36},"end":{"line":91,"column":38}},"20":{"start":{"line":93,"column":2},"end":{"line":126,"column":3}},"21":{"start":{"line":94,"column":44},"end":{"line":100,"column":7}},"22":{"start":{"line":94,"column":91},"end":{"line":100,"column":6}},"23":{"start":{"line":102,"column":44},"end":{"line":108,"column":7}},"24":{"start":{"line":102,"column":91},"end":{"line":108,"column":6}},"25":{"start":{"line":110,"column":22},"end":{"line":110,"column":60}},"26":{"start":{"line":111,"column":24},"end":{"line":111,"column":66}},"27":{"start":{"line":111,"column":44},"end":{"line":111,"column":65}},"28":{"start":{"line":112,"column":22},"end":{"line":112,"column":62}},"29":{"start":{"line":112,"column":42},"end":{"line":112,"column":61}},"30":{"start":{"line":113,"column":18},"end":{"line":113,"column":56}},"31":{"start":{"line":115,"column":4},"end":{"line":125,"column":7}},"32":{"start":{"line":128,"column":2},"end":{"line":128,"column":30}},"33":{"start":{"line":129,"column":2},"end":{"line":129,"column":75}},"34":{"start":{"line":130,"column":2},"end":{"line":130,"column":19}},"35":{"start":{"line":140,"column":2},"end":{"line":167,"column":3}},"36":{"start":{"line":141,"column":21},"end":{"line":141,"column":43}},"37":{"start":{"line":142,"column":17},"end":{"line":142,"column":47}},"38":{"start":{"line":143,"column":22},"end":{"line":143,"column":52}},"39":{"start":{"line":144,"column":28},"end":{"line":144,"column":58}},"40":{"start":{"line":145,"column":28},"end":{"line":145,"column":58}},"41":{"start":{"line":146,"column":21},"end":{"line":146,"column":50}},"42":{"start":{"line":147,"column":18},"end":{"line":147,"column":32}},"43":{"start":{"line":148,"column":20},"end":{"line":148,"column":34}},"44":{"start":{"line":149,"column":23},"end":{"line":149,"column":38}},"45":{"start":{"line":150,"column":20},"end":{"line":150,"column":34}},"46":{"start":{"line":151,"column":17},"end":{"line":151,"column":31}},"47":{"start":{"line":152,"column":21},"end":{"line":152,"column":44}},"48":{"start":{"line":153,"column":23},"end":{"line":153,"column":38}},"49":{"start":{"line":154,"column":22},"end":{"line":154,"column":36}},"50":{"start":{"line":155,"column":20},"end":{"line":155,"column":42}},"51":{"start":{"line":156,"column":19},"end":{"line":156,"column":37}},"52":{"start":{"line":157,"column":18},"end":{"line":157,"column":31}},"53":{"start":{"line":158,"column":20},"end":{"line":158,"column":33}},"54":{"start":{"line":159,"column":19},"end":{"line":159,"column":29}},"55":{"start":{"line":160,"column":19},"end":{"line":160,"column":28}},"56":{"start":{"line":161,"column":17},"end":{"line":161,"column":41}},"57":{"start":{"line":162,"column":20},"end":{"line":162,"column":41}},"58":{"start":{"line":163,"column":21},"end":{"line":163,"column":65}},"59":{"start":{"line":164,"column":21},"end":{"line":164,"column":39}},"60":{"start":{"line":165,"column":23},"end":{"line":165,"column":43}},"61":{"start":{"line":166,"column":18},"end":{"line":166,"column":39}},"62":{"start":{"line":170,"column":2},"end":{"line":176,"column":3}},"63":{"start":{"line":171,"column":19},"end":{"line":171,"column":28}},"64":{"start":{"line":172,"column":20},"end":{"line":172,"column":32}},"65":{"start":{"line":173,"column":18},"end":{"line":173,"column":34}},"66":{"start":{"line":174,"column":19},"end":{"line":174,"column":43}},"67":{"start":{"line":175,"column":13},"end":{"line":175,"column":33}},"68":{"start":{"line":183,"column":2},"end":{"line":183,"column":47}},"69":{"start":{"line":190,"column":2},"end":{"line":190,"column":57}},"70":{"start":{"line":198,"column":2},"end":{"line":198,"column":59}},"71":{"start":{"line":205,"column":2},"end":{"line":210,"column":3}},"72":{"start":{"line":206,"column":25},"end":{"line":206,"column":40}},"73":{"start":{"line":207,"column":22},"end":{"line":207,"column":42}},"74":{"start":{"line":208,"column":17},"end":{"line":208,"column":47}},"75":{"start":{"line":209,"column":13},"end":{"line":209,"column":28}}},"fnMap":{"0":{"name":"loadEndpoints","decl":{"start":{"line":81,"column":16},"end":{"line":81,"column":29}},"loc":{"start":{"line":81,"column":29},"end":{"line":131,"column":1}}},"1":{"name":"(anonymous_10)","decl":{"start":{"line":94,"column":78},"end":{"line":94,"column":79}},"loc":{"start":{"line":94,"column":91},"end":{"line":100,"column":6}}},"2":{"name":"(anonymous_11)","decl":{"start":{"line":102,"column":78},"end":{"line":102,"column":79}},"loc":{"start":{"line":102,"column":91},"end":{"line":108,"column":6}}},"3":{"name":"(anonymous_12)","decl":{"start":{"line":111,"column":39},"end":{"line":111,"column":40}},"loc":{"start":{"line":111,"column":44},"end":{"line":111,"column":65}}},"4":{"name":"(anonymous_13)","decl":{"start":{"line":112,"column":37},"end":{"line":112,"column":38}},"loc":{"start":{"line":112,"column":42},"end":{"line":112,"column":61}}},"5":{"name":"dummyParamValue","decl":{"start":{"line":138,"column":16},"end":{"line":138,"column":31}},"loc":{"start":{"line":138,"column":58},"end":{"line":177,"column":1}}},"6":{"name":"isAuthRoute","decl":{"start":{"line":182,"column":16},"end":{"line":182,"column":27}},"loc":{"start":{"line":182,"column":44},"end":{"line":184,"column":1}}},"7":{"name":"shouldSkipInvalidUserId","decl":{"start":{"line":189,"column":16},"end":{"line":189,"column":39}},"loc":{"start":{"line":189,"column":56},"end":{"line":191,"column":1}}},"8":{"name":"getCustomRequiredParams","decl":{"start":{"line":197,"column":16},"end":{"line":197,"column":39}},"loc":{"start":{"line":197,"column":68},"end":{"line":199,"column":1}}},"9":{"name":"resolvePathParam","decl":{"start":{"line":204,"column":16},"end":{"line":204,"column":32}},"loc":{"start":{"line":204,"column":45},"end":{"line":211,"column":1}}}},"branchMap":{"0":{"loc":{"start":{"line":82,"column":2},"end":{"line":82,"column":46}},"type":"if","locations":[{"start":{"line":82,"column":2},"end":{"line":82,"column":46}}]},"1":{"loc":{"start":{"line":85,"column":2},"end":{"line":88,"column":3}},"type":"if","locations":[{"start":{"line":85,"column":2},"end":{"line":88,"column":3}}]},"2":{"loc":{"start":{"line":93,"column":19},"end":{"line":93,"column":38}},"type":"binary-expr","locations":[{"start":{"line":93,"column":19},"end":{"line":93,"column":32}},{"start":{"line":93,"column":36},"end":{"line":93,"column":38}}]},"3":{"loc":{"start":{"line":94,"column":45},"end":{"line":94,"column":72}},"type":"binary-expr","locations":[{"start":{"line":94,"column":45},"end":{"line":94,"column":66}},{"start":{"line":94,"column":70},"end":{"line":94,"column":72}}]},"4":{"loc":{"start":{"line":96,"column":12},"end":{"line":96,"column":30}},"type":"binary-expr","locations":[{"start":{"line":96,"column":12},"end":{"line":96,"column":18}},{"start":{"line":96,"column":22},"end":{"line":96,"column":30}}]},"5":{"loc":{"start":{"line":97,"column":16},"end":{"line":97,"column":36}},"type":"binary-expr","locations":[{"start":{"line":97,"column":16},"end":{"line":97,"column":26}},{"start":{"line":97,"column":30},"end":{"line":97,"column":36}}]},"6":{"loc":{"start":{"line":98,"column":19},"end":{"line":98,"column":38}},"type":"binary-expr","locations":[{"start":{"line":98,"column":19},"end":{"line":98,"column":32}},{"start":{"line":98,"column":36},"end":{"line":98,"column":38}}]},"7":{"loc":{"start":{"line":102,"column":45},"end":{"line":102,"column":72}},"type":"binary-expr","locations":[{"start":{"line":102,"column":45},"end":{"line":102,"column":66}},{"start":{"line":102,"column":70},"end":{"line":102,"column":72}}]},"8":{"loc":{"start":{"line":104,"column":12},"end":{"line":104,"column":30}},"type":"binary-expr","locations":[{"start":{"line":104,"column":12},"end":{"line":104,"column":18}},{"start":{"line":104,"column":22},"end":{"line":104,"column":30}}]},"9":{"loc":{"start":{"line":105,"column":16},"end":{"line":105,"column":37}},"type":"binary-expr","locations":[{"start":{"line":105,"column":16},"end":{"line":105,"column":26}},{"start":{"line":105,"column":30},"end":{"line":105,"column":37}}]},"10":{"loc":{"start":{"line":106,"column":19},"end":{"line":106,"column":38}},"type":"binary-expr","locations":[{"start":{"line":106,"column":19},"end":{"line":106,"column":32}},{"start":{"line":106,"column":36},"end":{"line":106,"column":38}}]},"11":{"loc":{"start":{"line":113,"column":19},"end":{"line":113,"column":32}},"type":"binary-expr","locations":[{"start":{"line":113,"column":19},"end":{"line":113,"column":26}},{"start":{"line":113,"column":30},"end":{"line":113,"column":32}}]},"12":{"loc":{"start":{"line":117,"column":15},"end":{"line":117,"column":33}},"type":"binary-expr","locations":[{"start":{"line":117,"column":15},"end":{"line":117,"column":24}},{"start":{"line":117,"column":28},"end":{"line":117,"column":33}}]},"13":{"loc":{"start":{"line":118,"column":19},"end":{"line":118,"column":39}},"type":"binary-expr","locations":[{"start":{"line":118,"column":19},"end":{"line":118,"column":33}},{"start":{"line":118,"column":37},"end":{"line":118,"column":39}}]},"14":{"loc":{"start":{"line":119,"column":11},"end":{"line":119,"column":23}},"type":"binary-expr","locations":[{"start":{"line":119,"column":11},"end":{"line":119,"column":17}},{"start":{"line":119,"column":21},"end":{"line":119,"column":23}}]},"15":{"loc":{"start":{"line":140,"column":2},"end":{"line":167,"column":3}},"type":"switch","locations":[{"start":{"line":141,"column":4},"end":{"line":141,"column":43}},{"start":{"line":142,"column":4},"end":{"line":142,"column":47}},{"start":{"line":143,"column":4},"end":{"line":143,"column":52}},{"start":{"line":144,"column":4},"end":{"line":144,"column":58}},{"start":{"line":145,"column":4},"end":{"line":145,"column":58}},{"start":{"line":146,"column":4},"end":{"line":146,"column":50}},{"start":{"line":147,"column":4},"end":{"line":147,"column":32}},{"start":{"line":148,"column":4},"end":{"line":148,"column":34}},{"start":{"line":149,"column":4},"end":{"line":149,"column":38}},{"start":{"line":150,"column":4},"end":{"line":150,"column":34}},{"start":{"line":151,"column":4},"end":{"line":151,"column":31}},{"start":{"line":152,"column":4},"end":{"line":152,"column":44}},{"start":{"line":153,"column":4},"end":{"line":153,"column":38}},{"start":{"line":154,"column":4},"end":{"line":154,"column":36}},{"start":{"line":155,"column":4},"end":{"line":155,"column":42}},{"start":{"line":156,"column":4},"end":{"line":156,"column":37}},{"start":{"line":157,"column":4},"end":{"line":157,"column":31}},{"start":{"l
[...]
:{"line":25,"column":3}},"5":{"start":{"line":13,"column":17},"end":{"line":13,"column":61}},"6":{"start":{"line":14,"column":4},"end":{"line":22,"column":5}},"7":{"start":{"line":15,"column":20},"end":{"line":15,"column":61}},"8":{"start":{"line":16,"column":6},"end":{"line":21,"column":8}},"9":{"start":{"line":26,"column":2},"end":{"line":26,"column":67}},"10":{"start":{"line":29,"column":26},"end":{"line":29,"column":49}},"11":{"start":{"line":36,"column":23},"end":{"line":36,"column":49}},"12":{"start":{"line":38,"column":13},"end":{"line":65,"column":2}},"13":{"start":{"line":71,"column":2},"end":{"line":71,"column":29}},"14":{"start":{"line":78,"column":2},"end":{"line":78,"column":30}}},"fnMap":{"0":{"name":"readRegisteredAccount","decl":{"start":{"line":11,"column":9},"end":{"line":11,"column":30}},"loc":{"start":{"line":11,"column":30},"end":{"line":27,"column":1}}},"1":{"name":"setVariable","decl":{"start":{"line":70,"column":16},"end":{"line":70,"column":27}},"loc":{"start":{"line":70,"column":74},"end":{"line":72,"column":1}}},"2":{"name":"getVariables","decl":{"start":{"line":77,"column":16},"end":{"line":77,"column":28}},"loc":{"start":{"line":77,"column":28},"end":{"line":79,"column":1}}}},"branchMap":{"0":{"loc":{"start":{"line":14,"column":4},"end":{"line":22,"column":5}},"type":"if","locations":[{"start":{"line":14,"column":4},"end":{"line":22,"column":5}}]},"1":{"loc":{"start":{"line":17,"column":16},"end":{"line":17,"column":44}},"type":"binary-expr","locations":[{"start":{"line":17,"column":16},"end":{"line":17,"column":38}},{"start":{"line":17,"column":42},"end":{"line":17,"column":44}}]},"2":{"loc":{"start":{"line":18,"column":22},"end":{"line":18,"column":56}},"type":"binary-expr","locations":[{"start":{"line":18,"column":22},"end":{"line":18,"column":50}},{"start":{"line":18,"column":54},"end":{"line":18,"column":56}}]},"3":{"loc":{"start":{"line":19,"column":15},"end":{"line":19,"column":42}},"type":"binary-expr","locations":[{"start":{"line":19,"column":15},"end":{"line":19,"column":36}},{"start":{"line":19,"column":40},"end":{"line":19,"column":42}}]},"4":{"loc":{"start":{"line":20,"column":18},"end":{"line":20,"column":48}},"type":"binary-expr","locations":[{"start":{"line":20,"column":18},"end":{"line":20,"column":42}},{"start":{"line":20,"column":46},"end":{"line":20,"column":48}}]},"5":{"loc":{"start":{"line":39,"column":11},"end":{"line":39,"column":63}},"type":"binary-expr","locations":[{"start":{"line":39,"column":11},"end":{"line":39,"column":36}},{"start":{"line":39,"column":40},"end":{"line":39,"column":63}}]},"6":{"loc":{"start":{"line":40,"column":10},"end":{"line":40,"column":80}},"type":"binary-expr","locations":[{"start":{"line":40,"column":10},"end":{"line":40,"column":34}},{"start":{"line":40,"column":38},"end":{"line":40,"column":62}},{"start":{"line":40,"column":66},"end":{"line":40,"column":80}}]},"7":{"loc":{"start":{"line":41,"column":16},"end":{"line":41,"column":52}},"type":"binary-expr","locations":[{"start":{"line":41,"column":16},"end":{"line":41,"column":46}},{"start":{"line":41,"column":50},"end":{"line":41,"column":52}}]},"8":{"loc":{"start":{"line":52,"column":13},"end":{"line":52,"column":99}},"type":"cond-expr","locations":[{"start":{"line":52,"column":31},"end":{"line":52,"column":64}},{"start":{"line":52,"column":69},"end":{"line":52,"column":98}}]},"9":{"loc":{"start":{"line":52,"column":31},"end":{"line":52,"column":64}},"type":"binary-expr","locations":[{"start":{"line":52,"column":31},"end":{"line":52,"column":58}},{"start":{"line":52,"column":62},"end":{"line":52,"column":64}}]},"10":{"loc":{"start":{"line":52,"column":69},"end":{"line":52,"column":98}},"type":"binary-expr","locations":[{"start":{"line":52,"column":69},"end":{"line":52,"column":92}},{"start":{"line":52,"column":96},"end":{"line":52,"column":98}}]},"11":{"loc":{"start":{"line":53,"column":16},"end":{"line":53,"column":108}},"type":"cond-expr","locations":[{"start":{"line":53,"column":34},"end":{"line":53,"column":70}},{"start":{"line":53,"column":75},"end":{"line":53,"column":107}}]},"12":{"loc":{"start":{"line":53,"column":34},"end":{"line":53,"column":70}},"type":"binary-expr","locations":[{"start":{"line":53,"column":34},"end":{"line":53,"column":64}},{"start":{"line":53,"column":68},"end":{"line":53,"column":70}}]},"13":{"loc":{"start":{"line":53,"column":75},"end":{"line":53,"column":107}},"type":"binary-expr","locations":[{"start":{"line":53,"column":75},"end":{"line":53,"column":101}},{"start":{"line":53,"column":105},"end":{"line":53,"column":107}}]},"14":{"loc":{"start":{"line":57,"column":14},"end":{"line":57,"column":79}},"type":"binary-expr","locations":[{"start":{"line":57,"column":14},"end":{"line":57,"column":42}},{"start":{"line":57,"column":46},"end":{"line":57,"column":73}},{"start":{"line":57,"column":77},"end":{"line":57,"column":79}}]},"15":{"loc":{"start":{"line":58,"column":17},"end":{"line":58,"column":88}},"type":"binary-expr","locations":[{"start":{"line":58,"column":17},"end":{"line":58,"column":48}},{"start":{"line":58,"column":52},"end":{"line":58,"column":82}},{"start":{"line":58,"column":86},"end":{"line":58,"column":88}}]}},"s":{"0":48,"1":48,"2":48,"3":48,"4":48,"5":48,"6":48,"7":47,"8":47,"9":1,"10":48,"11":48,"12":48,"13":789,"14":0},"f":{"0":48,"1":789,"2":0},"b":{"0":[47],"1":[47,0],"2":[47,0],"3":[47,0],"4":[47,0],"5":[48,0],"6":[48,48,1],"7":[48,1],"8":[0,48],"9":[0,0],"10":[48,1],"11":[0,48],"12":[0,0],"13":[48,1],"14":[48,48,48],"15":[48,48,48]}}
,"/Users/ckennedy/Projects/foundryvtt-ai-gm/relay/tests/helpers/wsClient.ts": {"path":"/Users/ckennedy/Projects/foundryvtt-ai-gm/relay/tests/helpers/wsClient.ts","statementMap":{"0":{"start":{"line":1,"column":0},"end":{"line":1,"column":27}},"1":{"start":{"line":2,"column":0},"end":{"line":2,"column":38}},"2":{"start":{"line":9,"column":33},"end":{"line":9,"column":37}},"3":{"start":{"line":10,"column":29},"end":{"line":10,"column":110}},"4":{"start":{"line":11,"column":26},"end":{"line":11,"column":68}},"5":{"start":{"line":18,"column":20},"end":{"line":18,"column":86}},"6":{"start":{"line":20,"column":4},"end":{"line":103,"column":7}},"7":{"start":{"line":21,"column":24},"end":{"line":21,"column":29}},"8":{"start":{"line":23,"column":22},"end":{"line":25,"column":15}},"9":{"start":{"line":24,"column":8},"end":{"line":24,"column":48}},"10":{"start":{"line":27,"column":6},"end":{"line":27,"column":39}},"11":{"start":{"line":29,"column":6},"end":{"line":32,"column":9}},"12":{"start":{"line":31,"column":8},"end":{"line":31,"column":63}},"13":{"start":{"line":34,"column":6},"end":{"line":84,"column":9}},"14":{"start":{"line":35,"column":8},"end":{"line":83,"column":9}},"15":{"start":{"line":36,"column":23},"end":{"line":36,"column":87}},"16":{"start":{"line":39,"column":10},"end":{"line":43,"column":11}},"17":{"start":{"line":40,"column":12},"end":{"line":40,"column":31}},"18":{"start":{"line":41,"column":12},"end":{"line":41,"column":34}},"19":{"start":{"line":42,"column":12},"end":{"line":42,"column":26}},"20":{"start":{"line":46,"column":10},"end":{"line":50,"column":11}},"21":{"start":{"line":47,"column":28},"end":{"line":47,"column":70}},"22":{"start":{"line":48,"column":12},"end":{"line":48,"column":57}},"23":{"start":{"line":49,"column":12},"end":{"line":49,"column":34}},"24":{"start":{"line":53,"column":29},"end":{"line":53,"column":117}},"25":{"start":{"line":54,"column":10},"end":{"line":59,"column":11}},"26":{"start":{"line":55,"column":29},"end":{"line":55,"column":68}},"27":{"start":{"line":56,"column":12},"end":{"line":58,"column":13}},"28":{"start":{"line":57,"column":14},"end":{"line":57,"column":28}},"29":{"start":{"line":62,"column":10},"end":{"line":68,"column":11}},"30":{"start":{"line":63,"column":12},"end":{"line":67,"column":13}},"31":{"start":{"line":64,"column":30},"end":{"line":64,"column":72}},"32":{"start":{"line":65,"column":14},"end":{"line":65,"column":59}},"33":{"start":{"line":66,"column":14},"end":{"line":66,"column":36}},"34":{"start":{"line":71,"column":10},"end":{"line":77,"column":11}},"35":{"start":{"line":72,"column":12},"end":{"line":76,"column":13}},"36":{"start":{"line":73,"column":30},"end":{"line":73,"column":72}},"37":{"start":{"line":74,"column":14},"end":{"line":74,"column":59}},"38":{"start":{"line":75,"column":14},"end":{"line":75,"column":36}},"39":{"start":{"line":80,"column":10},"end":{"line":80,"column":37}},"40":{"start":{"line":86,"column":6},"end":{"line":89,"column":9}},"41":{"start":{"line":87,"column":8},"end":{"line":87,"column":30}},"42":{"start":{"line":88,"column":8},"end":{"line":88,"column":20}},"43":{"start":{"line":91,"column":6},"end":{"line":102,"column":9}},"44":{"start":{"line":92,"column":8},"end":{"line":92,"column":30}},"45":{"start":{"line":94,"column":8},"end":{"line":96,"column":9}},"46":{"start":{"line":95,"column":10},"end":{"line":95,"column":105}},"47":{"start":{"line":98,"column":8},"end":{"line":100,"column":9}},"48":{"start":{"line":99,"column":10},"end":{"line":99,"column":91}},"49":{"start":{"line":101,"column":8},"end":{"line":101,"column":38}},"50":{"start":{"line":110,"column":4},"end":{"line":112,"column":5}},"51":{"start":{"line":111,"column":6},"end":{"line":111,"column":52}},"52":{"start":{"line":114,"column":22},"end":{"line":114,"column":105}},"53":{"start":{"line":115,"column":16},"end":{"line":115,"column":41}},"54":{"start":{"line":117,"column":4},"end":{"line":135,"column":7}},"55":{"start":{"line":118,"column":20},"end":{"line":121,"column":17}},"56":{"start":{"line":119,"column":8},"end":{"line":119,"column":48}},"57":{"start":{"line":120,"column":8},"end":{"line":120,"column":79}},"58":{"start":{"line":123,"column":6},"end":{"line":132,"column":9}},"59":{"start":{"line":125,"column":10},"end":{"line":125,"column":30}},"60":{"start":{"line":126,"column":10},"end":{"line":126,"column":24}},"61":{"start":{"line":129,"column":10},"end":{"line":129,"column":30}},"62":{"start":{"line":130,"column":10},"end":{"line":130,"column":22}},"63":{"start":{"line":134,"column":6},"end":{"line":134,"column":41}},"64":{"start":{"line":145,"column":4},"end":{"line":145,"column":69}},"65":{"start":{"line":152,"column":4},"end":{"line":152,"column":62}},"66":{"start":{"line":162,"column":4},"end":{"line":164,"column":5}},"67":{"start":{"line":163,"column":6},"end":{"line":163,"column":44}},"68":{"start":{"line":165,"column":4},"end":{"line":165,"column":53}},"69":{"start":{"line":172,"column":4},"end":{"line":174,"column":5}},"70":{"start":{"line":173,"column":6},"end":{"line":173,"column":52}},"71":{"start":{"line":175,"column":4},"end":{"line":175,"column":42}},"72":{"start":{"line":182,"column":4},"end":{"line":185,"column":5}},"73":{"start":{"line":183,"column":6},"end":{"line":183,"column":43}},"74":{"start":{"line":184,"column":6},"end":{"line":184,"column":21}},"75":{"start":{"line":186,"column":4},"end":{"line":186,"column":34}},"76":{"start":{"line":187,"column":4},"end":{"line":187,"column":31}},"77":{"start":{"line":191,"column":4},"end":{"line":191,"column":31}},"78":{"start":{"line":8,"column":0},"end":{"line":8,"column":13}}},"fnMap":{"0":{"name":"(anonymous_1)","decl":{"start":{"line":16,"column":2},"end":{"line":16,"column":7}},"loc":{"start":{"line":16,"column":60},"end":{"line":104,"column":3}}},"1":{"name":"(anonymous_2)","decl":{"start":{"line":20,"column":28},"end":{"line":20,"column":29}},"loc":{"start":{"line":20,"column":48},"end":{"line":103,"column":5}}},"2":{"name":"(anonymous_3)","decl":{"start":{"line":23,"column":33},"end":{"line":23,"column":36}},"loc":{"start":{"line":23,"column":38},"end":{"line":25,"column":7}}},"3":{"name":"(anonymous_4)","decl":{"start":{"line":29,"column":25},"end":{"line":29,"column":28}},"loc":{"start":{"line":29,"column":30},"end":{"line":32,"column":7}}},"4":{"name":"(anonymous_5)","decl":{"start":{"line":34,"column":28},"end":{"line":34,"column":29}},"loc":{"start":{"line":34,"column":53},"end":{"line":84,"column":7}}},"5":{"name":"(anonymous_6)","decl":{"start":{"line":86,"column":26},"end":{"line":86,"column":27}},"loc":{"start":{"line":86,"column":34},"end":{"line":89,"column":7}}},"6":{"name":"(anonymous_7)","decl":{"start":{"line":91,"column":26},"end":{"line":91,"column":27}},"loc":{"start":{"line":91,"column":43},"end":{"line":102,"column":7}}},"7":{"name":"(anonymous_8)","decl":{"start":{"line":109,"column":2},"end":{"line":109,"column":7}},"loc":{"start":{"line":109,"column":65},"end":{"line":136,"column":3}}},"8":{"name":"(anonymous_9)","decl":{"start":{"line":117,"column":28},"end":{"line":117,"column":29}},"loc":{"start":{"line":117,"column":48},"end":{"line":135,"column":5}}},"9":{"name":"(anonymous_10)","decl":{"start":{"line":118,"column":31},"end":{"line":118,"column":34}},"loc":{"start":{"line":118,"column":36},"end":{"line":121,"column":7}}},"10":{"name":"(anonymous_11)","decl":{"start":{"line":124,"column":17},"end":{"line":124,"column":18}},"loc":{"start":{"line":124,"column":26},"end":{"line":127,"column":9}}},"11":{"name":"(anonymous_12)","decl":{"start":{"line":128,"column":16},"end":{"line":128,"column":17}},"loc":{"start":{"line":128,"column":24},"end":{"line":131,"column":9}}},"12":{"name":"(anonymous_13)","decl":{"start":{"line":141,"column":2},"end":{"line":141,"column":7}},"loc":{"start":{"line":143,"column":37},"end":{"line":146,"column":3}}},"13":{"name":"(anonymous_14)","decl":{"start":{"line":151,"column":2},"end":{"line":151,"column":7}},"loc":{"start":{"line":151,"column":36},"end":{"line":153,"column":3}}},"14":{"name":"(anonymous_15)","decl":{"start":{"line":158,"column":2},"end":{"line":158,"column":9}},"loc":{"start":{"line":160,"column":32},"end":{"line":166,"column":3}}},"15":{"name":"(anonymous_16)","decl":{"start":{"line":171,"column":2},"end":{"line":171,"column":6}},"loc":{"start":{"line":171,"column":35},"end":{"line":176,"column":3}}},"16":{"name":"(anonymous_17)","decl":{"start":{"line":181,"column":2},"end":{"line":181,"column":7}},"loc":{"start":{"line":181,"column":7},"end":{"line":188,"column":3}}},"17":{"name":"(anonymous_18)","decl":{"start":{"line":190,"column":2},"end":{"line":190,"column":6}},"loc":{"start":{"line":190,"column":16},"end":{"line":192,"column":3}}}},"branchMap":{"0":{"loc":{"start":{"line":18,"column":20},"end":{"line":18,"column":86}},"type":"cond-expr","locations":[{"start":{"line":18,"column":31},"end":{"line":18,"column":80}},{"start":{"line":18,"column":83},"end":{"line":18,"column":86}}]},"1":{"loc":{"start":{"line":36,"column":34},"end":{"line":36,"column":86}},"type":"cond-expr","locations":[{"start":{"line":36,"column":60},"end":{"line":36,"column":63}},{"start":{"line":36,"column":66},"end":{"line":36,"column":86}}]},"2":{"loc":{"start":{"line":39,"column":10},"end":{"line":43,"column":11}},"type":"if","locations":[{"start":{"line":39,"column":10},"end":{"line":43,"column":11}}]},"3":{"loc":{"start":{"line":46,"column":10},"end":{"line":50,"column":11}},"type":"if","locations":[{"start":{"line":46,"column":10},"end":{"line":50,"column":11}}]},"4":{"loc":{"start":{"line":46,"column":14},"end":{"line":46,"column":73}},"type":"binary-expr","locations":[{"start":{"line":46,"column":14},"end":{"line":46,"column":28}},{"start":{"line":46,"column":32},"end":{"line":46,"column":73}}]},"5":{"loc":{"start":{"line":54,"column":10},"end":{"line":59,"column":11}},"type":"if","locations":[{"start":{"line":54,"column":10},"end":{"line":59,"column":11}}]},"6":{"loc":{"start":{"line":55,"column":29},"end":{"line":55,"column":68}},"type":"binary-expr","locations":[{"start":{"line":55,"column":29},"end":{"line":55,"column":62}},{"start":{"line":55,"column":66},"end":{"line":55,"column":68}}]},"7":{"loc":{"start":{"line":62,"column":10},"end":{"line":68,"column":11}},"type":"if","locations":[{"start":{"line":62,"column":10},"end":{"line":68,"column":11}}]},"8":{"loc":{"start":{"line":62,"column":14},"end":{"line":62,"column":72}},"type":"binary-expr","locations":[{"start":{"line":62,"column":14},"end":{"line":62,"column":40}},{"start":{"line":62,"column":44},"end":{"line":62,"column":72}}]},"9":{"loc":{"start":{"line":63,"column":12},"end":{"line":67,"column":13}},"type":"if","locations":[{"start":{"line":63,"column":12},"end":{"line":67,"column":13}}]},"10":{"loc":{"start":{"line":63,"column":16},"end":{"line":63,"column":75}},"type":"binary-expr","locations":[{"start":{"line":63,"column":16},"end":{"line":63,"column":30}},{"start":{"line":63,"column":34},"end":{"line":63,"column":75}}]},"11":{"loc":{"start":{"line":71,"column":10},"end":{"line":77,"column":11}},"type":"if","locations":[{"start":{"line":71,"column":10},"end":{"line":77,"column":11}}]},"12":{"loc":{"start":{"line":72,"column":12},"end":{"line":76,"column":13}},"type":"if","locations":[{"start":{"line":72,"column":12},"end":{"line":76,"column":13}}]},"13":{"loc":{"start":{"line":72,"column":16},"end":{"line":72,"column":75}},"type":"binary-expr","locations":[{"start":{"line":72,"column":16},"end":{"line":72,"column":30}},{"start":{"line":72,"column":34},"end":{"line":72,"column":75}}]},"14":{"loc":{"start":{"line":94,"column":8},"end":{"line":96,"column":9}},"type":"if","locations":[{"start":{"line":94,"column":8},"end":{"line":96,"column":9}}]},"15":{"loc":{"start":{"line":109,"column":50},"end":{"line":109,"column":65}},"type":"default-arg","locations":[{"start":{"line":109,"column":60},"end":{"line":109,"column":65}}]},"16":{"loc":{"start":{"line":110,"column":4},"end":{"line":112,"column":5}},"type":"if","locations":[{"start":{"line":110,"column":4},"end":{"line":112,"column":5}}]},"17":{"loc":{"start":{"line":110,"column":8},"end":{"line":110,"column":57}},"type":"binary-expr","locations":[{"start":{"line":110,"column":8},"end":{"line":110,"column":16}},{"start":{"line":110,"column":20},"end":{"line":110,"column":57}}]},"18":{"loc":{"start":{"line":114,"column":22},"end":{"line":114,"column":105}},"type":"binary-expr","locations":[{"start":{"line":114,"column":22},"end":{"line":114,"column":39}},{"start":{"line":114,"column":43},"end":{"line":114,"column":105}}]},"19":{"loc":{"start":{"line":143,"column":4},"end":{"line":143,"column":37}},"type":"default-arg","locations":[{"start":{"line":143,"column":35},"end":{"line":143,"column":37}}]},"20":{"loc":{"start":{"line":162,"column":4},"end":{"line":164,"column":5}},"type":"if","locations":[{"start":{"line":162,"column":4},"end":{"line":164,"column":5}}]},"21":{"loc":{"start":{"line":172,"column":4},"end":{"line":174,"column":5}},"type":"if","locations":[{"start":{"line":172,"column":4},"end":{"line":174,"column":5}}]},"22":{"loc":{"start":{"line":172,"column":8},"end":{"line":172,"column":57}},"type":"binary-expr","locations":[{"start":{"line":172,"column":8},"end":{"line":172,"column":16}},{"start":{"line":172,"column":20},"end":{"line":172,"column":57}}]},"23":{"loc":{"start":{"line":182,"column":4},"end":{"line":185,"column":5}},"type":"if","locations":[{"start":{"line":182,"column":4},"end":{"line":185,"column":5}}]}},"s":{"0":3,"1":3,"2":21,"3":21,"4":21,"5":21,"6":21,"7":21,"8":21,"9":0,"10":21,"11":21,"12":21,"13":21,"14":45,"15":45,"16":45,"17":19,"18":19,"19":19,"20":45,"21":17,"22":17,"23":17,"24":45,"25":45,"26":7,"27":7,"28":3,"29":45,"30":13,"31":0,"32":0,"33":0,"34":45,"35":4,"36":0,"37":0,"38":0,"39":45,"40":21,"41":0,"42":0,"43":21,"44":18,"45":18,"46":2,"47":18,"48":0,"49":18,"50":17,"51":0,"52":17,"53":17,"54":17,"55":17,"56":0,"57":0,"58":17,"59":17,"60":17,"61":0,"62":0,"63":17,"64":6,"65":1,"66":2,"67":2,"68":2,"69":1,"70":0,"71":1,"72":21,"73":21,"74":21,"75":21,"76":21,"77":0,"78":3},"f":{"0":21,"1":21,"2":0,"3":21,"4":45,"5":0,"6":18,"7":17,"8":17,"9":0,"10":17,"11":0,"12":6,"13":1,"14":2,"15":1,"16":21,"17":0},"b":{"0":[20,1],"1":[0,45],"2":[19],"3":[17],"4":[45,17],"5":[7],"6":[7,4],"7":[13],"8":[45,34],"9":[0],"10":[13,13],"11":[4],"12":[0],"13":[4,2],"14":[2],"15":[17],"16":[0],"17":[17,17],"18":[17,16],"19":[5],"20":[2],"21":[0],"22":[1,1],"23":[21]}}
}
