TN:
SF:tests/helpers/adminAuth.ts
FN:41,adminLogin
FN:69,(anonymous_2)
FN:82,(anonymous_3)
FN:83,(anonymous_4)
FN:102,makeAdminRequest
FN:129,(anonymous_6)
FN:146,adminLogout
FN:158,(anonymous_8)
FNF:8
FNH:0
FNDA:0,adminLogin
FNDA:0,(anonymous_2)
FNDA:0,(anonymous_3)
FNDA:0,(anonymous_4)
FNDA:0,makeAdminRequest
FNDA:0,(anonymous_6)
FNDA:0,adminLogout
FNDA:0,(anonymous_8)
DA:8,11
DA:9,11
DA:10,11
DA:33,11
DA:41,11
DA:46,0
DA:47,0
DA:49,0
DA:50,0
DA:56,0
DA:57,0
DA:58,0
DA:59,0
DA:60,0
DA:66,0
DA:69,0
DA:71,0
DA:72,0
DA:73,0
DA:75,0
DA:77,0
DA:78,0
DA:79,0
DA:81,0
DA:82,0
DA:83,0
DA:84,0
DA:85,0
DA:87,0
DA:88,0
DA:89,0
DA:91,0
DA:92,0
DA:93,0
DA:95,0
DA:102,11
DA:106,0
DA:107,0
DA:108,0
DA:109,0
DA:110,0
DA:112,0
DA:115,0
DA:119,0
DA:120,0
DA:123,0
DA:129,0
DA:133,0
DA:134,0
DA:146,11
DA:147,0
DA:148,0
DA:150,0
DA:158,0
LF:54
LH:7
BRDA:42,0,0,0
BRDA:43,1,0,0
BRDA:44,2,0,0
BRDA:46,3,0,0
BRDA:46,4,0,0
BRDA:46,4,1,0
BRDA:49,5,0,0
BRDA:49,6,0,0
BRDA:49,6,1,0
BRDA:56,7,0,0
BRDA:56,7,1,0
BRDA:57,8,0,0
BRDA:59,9,0,0
BRDA:71,10,0,0
BRDA:72,11,0,0
BRDA:78,12,0,0
BRDA:78,13,0,0
BRDA:78,13,1,0
BRDA:78,13,2,0
BRDA:83,14,0,0
BRDA:83,14,1,0
BRDA:84,15,0,0
BRDA:87,16,0,0
BRDA:87,16,1,0
BRDA:88,17,0,0
BRDA:92,18,0,0
BRDA:107,19,0,0
BRDA:119,20,0,0
BRDA:147,21,0,0
BRF:29
BRH:0
end_of_record
TN:
SF:tests/helpers/apiRequest.ts
FN:45,makeRequest
FN:53,(anonymous_2)
FN:57,(anonymous_3)
FN:64,(anonymous_4)
FN:68,(anonymous_5)
FN:78,(anonymous_6)
FN:102,(anonymous_7)
FN:119,escapeRegex
FN:126,replaceVariables
FNF:9
FNH:7
FNDA:992,makeRequest
FNDA:1033,(anonymous_2)
FNDA:1033,(anonymous_3)
FNDA:0,(anonymous_4)
FNDA:0,(anonymous_5)
FNDA:1007,(anonymous_6)
FNDA:992,(anonymous_7)
FNDA:13350,escapeRegex
FNDA:947,replaceVariables
DA:7,36
DA:45,36
DA:47,992
DA:50,992
DA:51,727
DA:52,727
DA:53,1033
DA:56,727
DA:57,727
DA:58,1033
DA:60,727
DA:64,0
DA:65,0
DA:66,0
DA:67,0
DA:68,0
DA:70,0
DA:76,992
DA:77,992
DA:78,974
DA:79,1007
DA:84,992
DA:85,992
DA:86,619
DA:87,619
DA:89,0
DA:91,373
DA:92,0
DA:96,992
DA:102,992
DA:105,992
DA:107,992
DA:120,13350
DA:126,36
DA:130,947
DA:131,947
DA:133,947
DA:134,13350
DA:135,13350
DA:138,947
LF:40
LH:32
BRDA:50,0,0,727
BRDA:50,1,0,992
BRDA:50,1,1,843
BRDA:56,2,0,727
BRDA:65,3,0,0
BRDA:66,4,0,0
BRDA:66,4,1,0
BRDA:77,5,0,974
BRDA:85,6,0,619
BRDA:85,6,1,373
BRDA:85,7,0,992
BRDA:85,7,1,619
BRDA:91,8,0,0
BRF:13
BRH:9
end_of_record
TN:
SF:tests/helpers/captureExample.ts
FN:41,captureExample
FN:54,(anonymous_10)
FN:58,(anonymous_11)
FN:91,extractEndpoint
FN:102,generateJavaScript
FN:116,(anonymous_14)
FN:117,(anonymous_15)
FN:127,(anonymous_16)
FN:133,(anonymous_17)
FN:151,generateCurl
FN:157,(anonymous_19)
FN:158,(anonymous_20)
FN:175,(anonymous_21)
FN:191,generatePython
FN:206,(anonymous_23)
FN:207,(anonymous_24)
FN:218,(anonymous_25)
FN:233,(anonymous_26)
FN:246,generateTypeScript
FN:261,(anonymous_28)
FN:262,(anonymous_29)
FN:272,(anonymous_30)
FN:278,(anonymous_31)
FN:313,generateEmojicode
FN:325,(anonymous_33)
FN:361,(anonymous_34)
FN:415,deduplicateExamples
FN:443,saveExamples
FN:456,appendExamples
FN:465,loadExamples
FNF:30
FNH:30
FNDA:230,captureExample
FNDA:243,(anonymous_10)
FNDA:116,(anonymous_11)
FNDA:230,extractEndpoint
FNDA:229,generateJavaScript
FNDA:220,(anonymous_14)
FNDA:220,(anonymous_15)
FNDA:242,(anonymous_16)
FNDA:134,(anonymous_17)
FNDA:229,generateCurl
FNDA:220,(anonymous_19)
FNDA:220,(anonymous_20)
FNDA:134,(anonymous_21)
FNDA:229,generatePython
FNDA:220,(anonymous_23)
FNDA:220,(anonymous_24)
FNDA:242,(anonymous_25)
FNDA:5120,(anonymous_26)
FNDA:229,generateTypeScript
FNDA:220,(anonymous_28)
FNDA:220,(anonymous_29)
FNDA:242,(anonymous_30)
FNDA:134,(anonymous_31)
FNDA:229,generateEmojicode
FNDA:220,(anonymous_33)
FNDA:134,(anonymous_34)
FNDA:28,deduplicateExamples
FNDA:28,saveExamples
FNDA:3,appendExamples
FNDA:3,loadExamples
DA:6,30
DA:7,30
DA:8,30
DA:41,30
DA:47,230
DA:48,230
DA:51,230
DA:55,243
DA:56,243
DA:59,116
DA:60,116
DA:62,0
DA:68,230
DA:76,230
DA:78,230
DA:92,230
DA:93,0
DA:94,0
DA:96,230
DA:97,230
DA:99,0
DA:103,229
DA:106,229
DA:107,229
DA:108,229
DA:111,229
DA:114,229
DA:115,147
DA:116,220
DA:117,220
DA:119,147
DA:121,82
DA:125,229
DA:126,229
DA:127,242
DA:130,229
DA:131,229
DA:133,134
DA:134,115
DA:135,71
DA:138,115
DA:139,115
DA:140,115
DA:142,0
DA:146,229
DA:148,229
DA:152,229
DA:155,229
DA:156,147
DA:157,220
DA:158,220
DA:160,147
DA:163,229
DA:165,229
DA:167,229
DA:168,195
DA:169,242
DA:173,229
DA:175,134
DA:176,115
DA:177,71
DA:180,115
DA:181,115
DA:182,115
DA:184,0
DA:188,229
DA:192,229
DA:195,229
DA:196,229
DA:197,229
DA:200,229
DA:203,229
DA:204,229
DA:205,147
DA:206,220
DA:207,220
DA:209,147
DA:210,147
DA:213,229
DA:215,229
DA:216,229
DA:217,195
DA:218,242
DA:220,195
DA:223,229
DA:224,229
DA:225,115
DA:226,115
DA:228,115
DA:233,115
DA:234,5120
DA:235,5005
DA:237,115
DA:239,0
DA:243,229
DA:247,229
DA:250,229
DA:251,229
DA:252,229
DA:255,229
DA:258,229
DA:259,229
DA:260,147
DA:261,220
DA:262,220
DA:264,147
DA:266,82
DA:270,229
DA:271,229
DA:272,242
DA:275,229
DA:276,229
DA:278,134
DA:279,115
DA:280,71
DA:283,115
DA:284,115
DA:285,115
DA:287,0
DA:291,229
DA:293,229
DA:314,229
DA:317,229
DA:318,229
DA:319,229
DA:320,229
DA:323,229
DA:324,229
DA:325,229
DA:327,229
DA:329,147
DA:330,147
DA:331,147
DA:332,220
DA:333,220
DA:334,220
DA:337,147
DA:338,147
DA:342,229
DA:343,229
DA:344,195
DA:345,242
DA:350,229
DA:351,229
DA:352,229
DA:353,115
DA:354,115
DA:355,115
DA:357,0
DA:361,134
DA:362,115
DA:363,71
DA:365,115
DA:367,115
DA:371,229
DA:372,229
DA:373,229
DA:374,428
DA:379,229
DA:380,147
DA:382,82
DA:385,229
DA:416,28
DA:418,28
DA:419,205
DA:422,205
DA:423,186
DA:424,186
DA:430,28
DA:431,205
DA:432,205
DA:433,0
DA:437,28
DA:443,30
DA:444,28
DA:445,28
DA:446,0
DA:448,28
DA:449,28
DA:456,30
DA:457,3
DA:458,3
DA:459,3
DA:465,30
DA:466,3
DA:467,0
DA:469,3
DA:470,3
DA:471,3
DA:473,0
DA:474,0
LF:191
LH:177
BRDA:54,0,0,230
BRDA:54,0,1,7
BRDA:58,1,0,116
BRDA:58,1,1,114
BRDA:69,2,0,230
BRDA:69,2,1,229
BRDA:70,3,0,230
BRDA:70,3,1,229
BRDA:71,4,0,230
BRDA:71,4,1,229
BRDA:72,5,0,230
BRDA:72,5,1,229
BRDA:73,6,0,230
BRDA:73,6,1,229
BRDA:76,7,0,230
BRDA:76,7,1,0
BRDA:92,8,0,0
BRDA:94,9,0,0
BRDA:94,9,1,0
BRDA:96,10,0,230
BRDA:107,11,0,229
BRDA:107,11,1,0
BRDA:108,12,0,229
BRDA:108,12,1,0
BRDA:114,13,0,147
BRDA:114,13,1,82
BRDA:114,14,0,229
BRDA:114,14,1,147
BRDA:126,15,0,195
BRDA:126,16,0,229
BRDA:126,16,1,222
BRDA:131,17,0,115
BRDA:134,18,0,71
BRDA:146,19,0,220
BRDA:146,19,1,9
BRDA:155,20,0,147
BRDA:155,21,0,229
BRDA:155,21,1,229
BRDA:155,21,2,147
BRDA:167,22,0,195
BRDA:167,23,0,229
BRDA:167,23,1,222
BRDA:173,24,0,115
BRDA:176,25,0,71
BRDA:196,26,0,229
BRDA:196,26,1,0
BRDA:197,27,0,229
BRDA:197,27,1,0
BRDA:204,28,0,147
BRDA:204,29,0,229
BRDA:204,29,1,147
BRDA:216,30,0,195
BRDA:216,31,0,229
BRDA:216,31,1,222
BRDA:224,32,0,115
BRDA:234,33,0,115
BRDA:251,34,0,229
BRDA:251,34,1,0
BRDA:252,35,0,229
BRDA:252,35,1,0
BRDA:259,36,0,147
BRDA:259,36,1,82
BRDA:259,37,0,229
BRDA:259,37,1,147
BRDA:271,38,0,195
BRDA:271,39,0,229
BRDA:271,39,1,222
BRDA:276,40,0,115
BRDA:279,41,0,71
BRDA:291,42,0,220
BRDA:291,42,1,9
BRDA:318,43,0,229
BRDA:318,43,1,0
BRDA:319,44,0,229
BRDA:319,44,1,0
BRDA:319,45,0,229
BRDA:319,45,1,229
BRDA:320,46,0,229
BRDA:320,46,1,0
BRDA:325,47,0,229
BRDA:325,47,1,82
BRDA:327,48,0,147
BRDA:343,49,0,195
BRDA:343,50,0,229
BRDA:343,50,1,222
BRDA:352,51,0,115
BRDA:362,52,0,71
BRDA:379,53,0,147
BRDA:379,53,1,82
BRDA:380,54,0,71
BRDA:380,54,1,76
BRDA:422,55,0,186
BRDA:423,56,0,186
BRDA:423,57,0,186
BRDA:423,57,1,186
BRDA:432,58,0,0
BRDA:445,59,0,0
BRDA:466,60,0,0
BRF:98
BRH:82
end_of_record
TN:
SF:tests/helpers/captureWsExample.ts
FN:19,captureWsExample
FN:39,generateJsWsExample
FN:60,generatePythonWsExample
FN:84,generateTsWsExample
FN:110,saveWsExamples
FNF:5
FNH:5
FNDA:8,captureWsExample
FNDA:8,generateJsWsExample
FNDA:8,generatePythonWsExample
FNDA:8,generateTsWsExample
FNDA:3,saveWsExamples
DA:1,3
DA:2,3
DA:19,3
DA:26,8
DA:40,8
DA:41,8
DA:61,8
DA:63,8
DA:64,8
DA:85,8
DA:86,8
DA:110,3
DA:111,3
DA:112,3
DA:113,0
DA:116,3
DA:117,3
DA:118,8
DA:119,8
DA:122,3
LF:20
LH:19
BRDA:112,0,0,0
BRDA:118,1,0,8
BRF:2
BRH:1
end_of_record
TN:
SF:tests/helpers/compendiumData.ts
FN:30,fetchCompendiumEntityData
FN:104,(anonymous_1)
FN:109,(anonymous_2)
FN:110,(anonymous_3)
FN:111,(anonymous_4)
FNF:5
FNH:5
FNDA:6,fetchCompendiumEntityData
FNDA:17,(anonymous_1)
FNDA:1,(anonymous_2)
FNDA:12,(anonymous_3)
FNDA:1,(anonymous_4)
DA:9,9
DA:10,9
DA:11,9
DA:12,9
DA:15,9
DA:30,9
DA:35,6
DA:36,6
DA:37,2
DA:40,4
DA:41,4
DA:42,4
DA:43,0
DA:44,0
DA:45,0
DA:48,4
DA:49,4
DA:50,0
DA:51,0
DA:52,0
DA:56,4
DA:59,4
DA:75,4
DA:76,4
DA:79,4
DA:80,4
DA:81,0
DA:82,0
DA:83,0
DA:86,4
DA:89,4
DA:91,4
DA:92,6
DA:94,6
DA:95,6
DA:98,6
DA:101,4
DA:102,4
DA:103,1
DA:104,17
DA:105,1
DA:106,1
DA:107,3
DA:109,1
DA:110,12
DA:111,1
DA:112,1
DA:115,4
DA:119,4
DA:122,4
DA:123,0
DA:124,0
DA:125,0
DA:126,0
DA:130,4
DA:146,4
DA:147,4
DA:149,4
DA:150,0
DA:151,0
DA:152,0
DA:156,4
DA:157,4
DA:158,4
DA:159,4
DA:160,4
DA:161,4
DA:162,4
DA:165,4
DA:167,4
DA:169,4
DA:170,4
DA:172,0
DA:173,0
DA:174,0
LF:75
LH:56
BRDA:35,0,0,6
BRDA:35,0,1,4
BRDA:35,1,0,6
BRDA:35,1,1,5
BRDA:36,2,0,2
BRDA:37,3,0,2
BRDA:37,3,1,0
BRDA:41,4,0,4
BRDA:41,4,1,4
BRDA:42,5,0,0
BRDA:49,6,0,0
BRDA:79,7,0,4
BRDA:79,7,1,0
BRDA:80,8,0,0
BRDA:80,9,0,4
BRDA:80,9,1,4
BRDA:94,10,0,0
BRDA:95,11,0,0
BRDA:95,12,0,6
BRDA:95,12,1,6
BRDA:98,13,0,2
BRDA:98,14,0,6
BRDA:98,14,1,4
BRDA:102,15,0,1
BRDA:102,15,1,3
BRDA:105,16,0,0
BRDA:107,17,0,1
BRDA:112,18,0,1
BRDA:112,18,1,0
BRDA:112,18,2,0
BRDA:112,18,3,0
BRDA:122,19,0,0
BRDA:123,20,0,0
BRDA:123,20,1,0
BRDA:149,21,0,0
BRDA:149,22,0,4
BRDA:149,22,1,4
BRDA:165,23,0,4
BRDA:165,23,1,0
BRF:39
BRH:23
end_of_record
TN:
SF:tests/helpers/endpointMetadata.ts
FN:81,loadEndpoints
FN:94,(anonymous_10)
FN:102,(anonymous_11)
FN:111,(anonymous_12)
FN:112,(anonymous_13)
FN:138,dummyParamValue
FN:182,isAuthRoute
FN:189,shouldSkipInvalidUserId
FN:197,getCustomRequiredParams
FN:204,resolvePathParam
FNF:10
FNH:9
FNDA:2,loadEndpoints
FNDA:194,(anonymous_10)
FNDA:1078,(anonymous_11)
FNDA:472,(anonymous_12)
FNDA:1236,(anonymous_13)
FNDA:177,dummyParamValue
FNDA:247,isAuthRoute
FNDA:119,shouldSkipInvalidUserId
FNDA:117,getCustomRequiredParams
FNDA:0,resolvePathParam
DA:12,2
DA:13,2
DA:40,2
DA:47,2
DA:57,2
DA:75,2
DA:81,2
DA:82,2
DA:84,2
DA:85,2
DA:86,0
DA:87,0
DA:90,2
DA:91,2
DA:93,2
DA:94,268
DA:102,1078
DA:110,268
DA:111,472
DA:112,1236
DA:113,268
DA:115,268
DA:128,2
DA:129,2
DA:130,2
DA:138,2
DA:140,177
DA:141,0
DA:142,8
DA:143,24
DA:144,0
DA:145,0
DA:146,0
DA:147,0
DA:148,2
DA:149,2
DA:150,2
DA:151,6
DA:152,2
DA:153,2
DA:154,4
DA:155,0
DA:156,0
DA:157,2
DA:158,4
DA:159,2
DA:160,10
DA:161,42
DA:162,2
DA:163,4
DA:164,0
DA:165,32
DA:166,0
DA:170,27
DA:171,6
DA:172,6
DA:173,0
DA:174,0
DA:175,15
DA:182,2
DA:183,247
DA:189,2
DA:190,119
DA:197,2
DA:198,117
DA:204,2
DA:205,0
DA:206,0
DA:207,0
DA:208,0
DA:209,0
LF:71
LH:53
BRDA:82,0,0,0
BRDA:85,1,0,0
BRDA:93,2,0,2
BRDA:93,2,1,0
BRDA:94,3,0,268
BRDA:94,3,1,0
BRDA:96,4,0,194
BRDA:96,4,1,0
BRDA:97,5,0,194
BRDA:97,5,1,0
BRDA:98,6,0,194
BRDA:98,6,1,0
BRDA:102,7,0,268
BRDA:102,7,1,0
BRDA:104,8,0,1078
BRDA:104,8,1,0
BRDA:105,9,0,1078
BRDA:105,9,1,0
BRDA:106,10,0,1078
BRDA:106,10,1,0
BRDA:113,11,0,268
BRDA:113,11,1,0
BRDA:117,12,0,268
BRDA:117,12,1,0
BRDA:118,13,0,268
BRDA:118,13,1,2
BRDA:119,14,0,268
BRDA:119,14,1,268
BRDA:140,15,0,0
BRDA:140,15,1,8
BRDA:140,15,2,24
BRDA:140,15,3,0
BRDA:140,15,4,0
BRDA:140,15,5,0
BRDA:140,15,6,0
BRDA:140,15,7,2
BRDA:140,15,8,2
BRDA:140,15,9,2
BRDA:140,15,10,6
BRDA:140,15,11,2
BRDA:140,15,12,2
BRDA:140,15,13,4
BRDA:140,15,14,0
BRDA:140,15,15,0
BRDA:140,15,16,2
BRDA:140,15,17,4
BRDA:140,15,18,2
BRDA:140,15,19,10
BRDA:140,15,20,42
BRDA:140,15,21,2
BRDA:140,15,22,4
BRDA:140,15,23,0
BRDA:140,15,24,32
BRDA:140,15,25,0
BRDA:163,16,0,2
BRDA:163,16,1,2
BRDA:170,17,0,6
BRDA:170,17,1,6
BRDA:170,17,2,0
BRDA:170,17,3,0
BRDA:170,17,4,15
BRDA:198,18,0,117
BRDA:198,18,1,103
BRDA:205,19,0,0
BRDA:205,19,1,0
BRDA:205,19,2,0
BRDA:205,19,3,0
BRF:67
BRH:39
end_of_record
TN:
SF:tests/helpers/globalVariables.ts
FN:23,readStore
FN:38,writeStore
FN:53,setGlobalVariable
FN:69,getGlobalVariable
FN:83,getVersionVariables
FN:92,clearVersionVariables
FN:103,clearAllVariables
FN:113,hasGlobalVariable
FN:121,deleteGlobalVarsFile
FNF:9
FNH:4
FNDA:1068,readStore
FNDA:83,writeStore
FNDA:83,setGlobalVariable
FNDA:985,getGlobalVariable
FNDA:0,getVersionVariables
FNDA:0,clearVersionVariables
FNDA:0,clearAllVariables
FNDA:0,hasGlobalVariable
FNDA:0,deleteGlobalVarsFile
DA:8,47
DA:9,47
DA:18,47
DA:24,1068
DA:25,1068
DA:26,1067
DA:27,1067
DA:32,1
DA:39,83
DA:40,83
DA:42,0
DA:43,0
DA:53,47
DA:54,83
DA:55,83
DA:56,3
DA:58,83
DA:59,83
DA:69,47
DA:70,985
DA:71,985
DA:72,0
DA:74,985
DA:75,985
DA:83,47
DA:84,0
DA:85,0
DA:92,47
DA:93,0
DA:94,0
DA:95,0
DA:96,0
DA:103,47
DA:104,0
DA:113,47
DA:114,0
DA:115,0
DA:121,47
DA:122,0
DA:123,0
DA:124,0
LF:41
LH:26
BRDA:25,0,0,1067
BRDA:55,1,0,3
BRDA:71,2,0,0
BRDA:75,3,0,984
BRDA:75,3,1,1
BRDA:85,4,0,0
BRDA:85,4,1,0
BRDA:94,5,0,0
BRDA:115,6,0,0
BRDA:115,6,1,0
BRDA:123,7,0,0
BRF:11
BRH:4
end_of_record
TN:
SF:tests/helpers/multiVersion.ts
FN:13,getConfiguredVersions
FN:16,(anonymous_1)
FN:17,(anonymous_2)
FN:34,forEachVersion
FN:39,(anonymous_4)
FN:40,(anonymous_5)
FN:66,getClientId
FN:81,getSystemId
FN:101,isSystem
FN:108,hasSystemVersion
FN:110,(anonymous_10)
FN:116,getVersionsWithSystem
FN:118,(anonymous_12)
FN:124,forEachVersionWithSystem
FN:132,(anonymous_14)
FN:133,(anonymous_15)
FN:138,(anonymous_16)
FN:139,(anonymous_17)
FNF:18
FNH:13
FNDA:33,getConfiguredVersions
FNDA:33,(anonymous_1)
FNDA:33,(anonymous_2)
FNDA:32,forEachVersion
FNDA:32,(anonymous_4)
FNDA:780,(anonymous_5)
FNDA:10,getClientId
FNDA:2,getSystemId
FNDA:0,isSystem
FNDA:0,hasSystemVersion
FNDA:0,(anonymous_10)
FNDA:1,getVersionsWithSystem
FNDA:1,(anonymous_12)
FNDA:1,forEachVersionWithSystem
FNDA:0,(anonymous_14)
FNDA:0,(anonymous_15)
FNDA:1,(anonymous_16)
FNDA:27,(anonymous_17)
DA:5,29
DA:8,29
DA:13,29
DA:14,33
DA:16,33
DA:17,33
DA:18,33
DA:34,29
DA:37,32
DA:39,32
DA:40,32
DA:42,780
DA:43,0
DA:44,0
DA:45,0
DA:47,0
DA:48,0
DA:52,780
DA:53,780
DA:54,0
DA:56,780
DA:59,32
DA:66,29
DA:67,10
DA:70,10
DA:71,0
DA:74,10
DA:81,29
DA:82,2
DA:85,2
DA:86,0
DA:87,0
DA:88,0
DA:95,2
DA:101,29
DA:102,0
DA:108,29
DA:109,0
DA:110,0
DA:116,29
DA:117,1
DA:118,1
DA:124,29
DA:128,1
DA:130,1
DA:132,0
DA:133,0
DA:135,0
DA:138,1
DA:139,1
DA:140,27
DA:141,0
DA:142,0
DA:143,0
DA:145,0
DA:146,0
DA:149,27
DA:150,27
DA:151,0
DA:153,27
DA:156,1
LF:61
LH:39
BRDA:14,0,0,33
BRDA:14,0,1,0
BRDA:42,1,0,0
BRDA:44,2,0,0
BRDA:53,3,0,0
BRDA:56,4,0,780
BRDA:56,4,1,0
BRDA:67,5,0,10
BRDA:67,5,1,0
BRDA:70,6,0,0
BRDA:71,7,0,0
BRDA:71,7,1,0
BRDA:74,8,0,10
BRDA:74,8,1,0
BRDA:82,9,0,2
BRDA:82,9,1,0
BRDA:85,10,0,0
BRDA:87,11,0,0
BRDA:95,12,0,2
BRDA:95,12,1,0
BRDA:130,13,0,0
BRDA:140,14,0,0
BRDA:142,15,0,0
BRDA:150,16,0,0
BRDA:153,17,0,27
BRDA:153,17,1,0
BRF:26
BRH:7
end_of_record
TN:
SF:tests/helpers/sessionAuth.ts
FN:22,ensureSessionToken
FNF:1
FNH:1
FNDA:6,ensureSessionToken
DA:13,6
DA:14,6
DA:15,6
DA:22,6
DA:23,6
DA:24,6
DA:27,0
DA:28,0
DA:34,0
DA:48,0
DA:49,0
DA:55,0
DA:57,0
DA:59,0
DA:60,0
LF:15
LH:6
BRDA:23,0,0,6
BRDA:27,1,0,0
BRDA:27,2,0,0
BRDA:27,2,1,0
BRDA:48,3,0,0
BRDA:48,4,0,0
BRDA:48,4,1,0
BRDA:51,5,0,0
BRDA:51,5,1,0
BRF:9
BRH:1
end_of_record
TN:
SF:tests/helpers/systemSetup.ts
FN:55,giveCompendiumItemToActor
FN:147,(anonymous_1)
FN:158,(anonymous_2)
FN:183,getSystemConfig
FN:192,setupSystemTestData
FNF:5
FNH:5
FNDA:2,giveCompendiumItemToActor
FNDA:1,(anonymous_1)
FNDA:1,(anonymous_2)
FNDA:1,getSystemConfig
FNDA:1,setupSystemTestData
DA:13,1
DA:14,1
DA:15,1
DA:16,1
DA:17,1
DA:18,1
DA:61,2
DA:62,2
DA:64,2
DA:67,2
DA:68,2
DA:71,2
DA:89,2
DA:90,2
DA:92,2
DA:93,0
DA:94,0
DA:97,2
DA:98,2
DA:101,2
DA:123,2
DA:124,2
DA:126,2
DA:127,0
DA:128,0
DA:131,2
DA:132,2
DA:139,1
DA:148,1
DA:151,1
DA:154,1
DA:155,1
DA:160,1
DA:164,1
DA:166,1
DA:167,1
DA:168,1
DA:176,1
DA:183,1
DA:184,1
DA:192,1
DA:196,1
DA:197,1
DA:199,1
DA:200,0
DA:203,1
DA:205,1
DA:206,1
DA:208,1
LF:49
LH:44
BRDA:62,0,0,0
BRDA:68,1,0,0
BRDA:92,2,0,0
BRDA:92,3,0,2
BRDA:92,3,1,2
BRDA:126,4,0,0
BRDA:126,5,0,2
BRDA:126,5,1,2
BRDA:151,6,0,0
BRDA:164,7,0,0
BRDA:166,8,0,1
BRDA:166,8,1,0
BRDA:184,9,0,1
BRDA:184,9,1,0
BRDA:197,10,0,1
BRDA:197,10,1,0
BRDA:199,11,0,0
BRDA:206,12,0,1
BRDA:206,12,1,0
BRF:19
BRH:8
end_of_record
TN:
SF:tests/helpers/testEntities.ts
FN:64,getMinimalEntityData
FN:81,getEntityData
FN:97,buildEntityKey
FN:104,registerForCleanup
FN:115,getCleanupList
FN:122,clearCleanupList
FN:132,getEntityUuid
FN:150,createTestEntities
FN:245,createTestEntity
FNF:9
FNH:8
FNDA:2,getMinimalEntityData
FNDA:6,getEntityData
FNDA:55,buildEntityKey
FNDA:8,registerForCleanup
FNDA:1,getCleanupList
FNDA:1,clearCleanupList
FNDA:49,getEntityUuid
FNDA:4,createTestEntities
FNDA:0,createTestEntity
DA:8,9
DA:9,9
DA:10,9
DA:11,9
DA:12,9
DA:13,9
DA:16,9
DA:19,9
DA:65,2
DA:67,0
DA:69,0
DA:71,1
DA:73,1
DA:83,6
DA:84,4
DA:85,4
DA:87,4
DA:88,4
DA:91,2
DA:98,55
DA:104,9
DA:105,8
DA:106,8
DA:107,8
DA:108,8
DA:115,9
DA:116,1
DA:122,9
DA:123,1
DA:132,9
DA:133,49
DA:134,49
DA:150,9
DA:155,4
DA:156,4
DA:158,4
DA:159,0
DA:163,4
DA:165,4
DA:166,6
DA:167,6
DA:173,6
DA:198,6
DA:200,1
DA:205,1
DA:206,1
DA:209,5
DA:210,5
DA:211,5
DA:217,6
DA:218,6
DA:219,6
DA:222,6
DA:225,6
DA:228,6
DA:230,6
DA:232,0
DA:239,4
DA:245,9
DA:255,0
DA:264,0
LF:61
LH:55
BRDA:65,0,0,0
BRDA:65,0,1,0
BRDA:65,0,2,1
BRDA:65,0,3,1
BRDA:83,1,0,4
BRDA:83,2,0,6
BRDA:83,2,1,3
BRDA:85,3,0,4
BRDA:106,4,0,8
BRDA:158,5,0,0
BRDA:198,6,0,1
BRDA:198,6,1,5
BRDA:198,7,0,6
BRDA:198,7,1,1
BRDA:217,8,0,6
BRDA:217,8,1,0
BRDA:217,9,0,6
BRDA:217,9,1,6
BRF:18
BRH:14
end_of_record
TN:
SF:tests/helpers/testSequencer.ts
FN:89,(anonymous_1)
FN:91,(anonymous_2)
FNF:2
FNH:0
FNDA:0,(anonymous_1)
FNDA:0,(anonymous_2)
DA:7,0
DA:9,0
DA:11,0
DA:91,0
DA:92,0
DA:93,0
DA:95,0
DA:96,0
DA:99,0
DA:100,0
DA:102,0
DA:105,0
DA:109,0
LF:13
LH:0
BRDA:99,0,0,0
BRDA:99,0,1,0
BRDA:100,1,0,0
BRDA:100,1,1,0
BRF:4
BRH:0
end_of_record
TN:
SF:tests/helpers/testVariables.ts
FN:11,readRegisteredAccount
FN:70,setVariable
FN:77,getVariables
FNF:3
FNH:2
FNDA:48,readRegisteredAccount
FNDA:789,setVariable
FNDA:0,getVariables
DA:6,48
DA:7,48
DA:12,48
DA:13,48
DA:14,48
DA:15,47
DA:16,47
DA:26,1
DA:29,48
DA:36,48
DA:38,48
DA:70,48
DA:71,789
DA:77,48
DA:78,0
LF:15
LH:14
BRDA:14,0,0,47
BRDA:17,1,0,47
BRDA:17,1,1,0
BRDA:18,2,0,47
BRDA:18,2,1,0
BRDA:19,3,0,47
BRDA:19,3,1,0
BRDA:20,4,0,47
BRDA:20,4,1,0
BRDA:39,5,0,48
BRDA:39,5,1,0
BRDA:40,6,0,48
BRDA:40,6,1,48
BRDA:40,6,2,1
BRDA:41,7,0,48
BRDA:41,7,1,1
BRDA:52,8,0,0
BRDA:52,8,1,48
BRDA:52,9,0,0
BRDA:52,9,1,0
BRDA:52,10,0,48
BRDA:52,10,1,1
BRDA:53,11,0,0
BRDA:53,11,1,48
BRDA:53,12,0,0
BRDA:53,12,1,0
BRDA:53,13,0,48
BRDA:53,13,1,1
BRDA:57,14,0,48
BRDA:57,14,1,48
BRDA:57,14,2,48
BRDA:58,15,0,48
BRDA:58,15,1,48
BRDA:58,15,2,48
BRF:34
BRH:23
end_of_record
TN:
SF:tests/helpers/wsClient.ts
FN:16,(anonymous_1)
FN:20,(anonymous_2)
FN:23,(anonymous_3)
FN:29,(anonymous_4)
FN:34,(anonymous_5)
FN:86,(anonymous_6)
FN:91,(anonymous_7)
FN:109,(anonymous_8)
FN:117,(anonymous_9)
FN:118,(anonymous_10)
FN:124,(anonymous_11)
FN:128,(anonymous_12)
FN:141,(anonymous_13)
FN:151,(anonymous_14)
FN:158,(anonymous_15)
FN:171,(anonymous_16)
FN:181,(anonymous_17)
FN:190,(anonymous_18)
FNF:18
FNH:13
FNDA:21,(anonymous_1)
FNDA:21,(anonymous_2)
FNDA:0,(anonymous_3)
FNDA:21,(anonymous_4)
FNDA:45,(anonymous_5)
FNDA:0,(anonymous_6)
FNDA:18,(anonymous_7)
FNDA:17,(anonymous_8)
FNDA:17,(anonymous_9)
FNDA:0,(anonymous_10)
FNDA:17,(anonymous_11)
FNDA:0,(anonymous_12)
FNDA:6,(anonymous_13)
FNDA:1,(anonymous_14)
FNDA:2,(anonymous_15)
FNDA:1,(anonymous_16)
FNDA:21,(anonymous_17)
FNDA:0,(anonymous_18)
DA:1,3
DA:2,3
DA:8,3
DA:9,21
DA:10,21
DA:11,21
DA:18,21
DA:20,21
DA:21,21
DA:23,21
DA:24,0
DA:27,21
DA:29,21
DA:31,21
DA:34,21
DA:35,45
DA:36,45
DA:39,45
DA:40,19
DA:41,19
DA:42,19
DA:46,45
DA:47,17
DA:48,17
DA:49,17
DA:53,45
DA:54,45
DA:55,7
DA:56,7
DA:57,3
DA:62,45
DA:63,13
DA:64,0
DA:65,0
DA:66,0
DA:71,45
DA:72,4
DA:73,0
DA:74,0
DA:75,0
DA:80,45
DA:86,21
DA:87,0
DA:88,0
DA:91,21
DA:92,18
DA:94,18
DA:95,2
DA:98,18
DA:99,0
DA:101,18
DA:110,17
DA:111,0
DA:114,17
DA:115,17
DA:117,17
DA:118,17
DA:119,0
DA:120,0
DA:123,17
DA:125,17
DA:126,17
DA:129,0
DA:130,0
DA:134,17
DA:145,6
DA:152,1
DA:162,2
DA:163,2
DA:165,2
DA:172,1
DA:173,0
DA:175,1
DA:182,21
DA:183,21
DA:184,21
DA:186,21
DA:187,21
DA:191,0
LF:79
LH:62
BRDA:18,0,0,20
BRDA:18,0,1,1
BRDA:36,1,0,0
BRDA:36,1,1,45
BRDA:39,2,0,19
BRDA:46,3,0,17
BRDA:46,4,0,45
BRDA:46,4,1,17
BRDA:54,5,0,7
BRDA:55,6,0,7
BRDA:55,6,1,4
BRDA:62,7,0,13
BRDA:62,8,0,45
BRDA:62,8,1,34
BRDA:63,9,0,0
BRDA:63,10,0,13
BRDA:63,10,1,13
BRDA:71,11,0,4
BRDA:72,12,0,0
BRDA:72,13,0,4
BRDA:72,13,1,2
BRDA:94,14,0,2
BRDA:109,15,0,17
BRDA:110,16,0,0
BRDA:110,17,0,17
BRDA:110,17,1,17
BRDA:114,18,0,17
BRDA:114,18,1,16
BRDA:143,19,0,5
BRDA:162,20,0,2
BRDA:172,21,0,0
BRDA:172,22,0,1
BRDA:172,22,1,1
BRDA:182,23,0,21
BRF:34
BRH:29
end_of_record
